Using pre-set license
Built from '2021.3/staging' branch; Version is '2021.3.13f1 (9e7d58001ecf) revision 10386776'; Using compiler version '192829333'; Build Type 'Release'
OS: 'Windows 10  (10.0.19044) 64bit Core' Language: 'es' Physical Memory: 12188 MB
BatchMode: 1, IsHumanControllingUs: 0, StartBugReporterOnCrash: 0, Is64bit: 1, IsPro: 1

COMMAND LINE ARGUMENTS:
C:\Program Files\Unity\Hub\Editor\2021.3.13f1\Editor\Unity.exe
-adb2
-batchMode
-noUpm
-name
AssetImportWorker2
-projectPath
C:/Users/oriol/Documents/3D-GAME-VJ/3D-DOT-GAME-HEROES-VJ
-logFile
Logs/AssetImportWorker2.log
-srvPort
54740
Successfully changed project path to: C:/Users/oriol/Documents/3D-GAME-VJ/3D-DOT-GAME-HEROES-VJ
C:/Users/oriol/Documents/3D-GAME-VJ/3D-DOT-GAME-HEROES-VJ
[UnityMemory] Configuration Parameters - Can be set up in boot.config
    "memorysetup-bucket-allocator-granularity=16"
    "memorysetup-bucket-allocator-bucket-count=8"
    "memorysetup-bucket-allocator-block-size=33554432"
    "memorysetup-bucket-allocator-block-count=8"
    "memorysetup-main-allocator-block-size=16777216"
    "memorysetup-thread-allocator-block-size=16777216"
    "memorysetup-gfx-main-allocator-block-size=16777216"
    "memorysetup-gfx-thread-allocator-block-size=16777216"
    "memorysetup-cache-allocator-block-size=4194304"
    "memorysetup-typetree-allocator-block-size=2097152"
    "memorysetup-profiler-bucket-allocator-granularity=16"
    "memorysetup-profiler-bucket-allocator-bucket-count=8"
    "memorysetup-profiler-bucket-allocator-block-size=33554432"
    "memorysetup-profiler-bucket-allocator-block-count=8"
    "memorysetup-profiler-allocator-block-size=16777216"
    "memorysetup-profiler-editor-allocator-block-size=1048576"
    "memorysetup-temp-allocator-size-main=16777216"
    "memorysetup-job-temp-allocator-block-size=2097152"
    "memorysetup-job-temp-allocator-block-size-background=1048576"
    "memorysetup-job-temp-allocator-reduction-small-platforms=262144"
    "memorysetup-temp-allocator-size-background-worker=32768"
    "memorysetup-temp-allocator-size-job-worker=262144"
    "memorysetup-temp-allocator-size-preload-manager=33554432"
    "memorysetup-temp-allocator-size-nav-mesh-worker=65536"
    "memorysetup-temp-allocator-size-audio-worker=65536"
    "memorysetup-temp-allocator-size-cloud-worker=32768"
    "memorysetup-temp-allocator-size-gi-baking-worker=262144"
    "memorysetup-temp-allocator-size-gfx=262144"
Refreshing native plugins compatible for Editor in 116.01 ms, found 3 plugins.
Preloading 0 native plugins for Editor in 0.00 ms.
Initialize engine version: 2021.3.13f1 (9e7d58001ecf)
[Subsystems] Discovering subsystems at path C:/Program Files/Unity/Hub/Editor/2021.3.13f1/Editor/Data/Resources/UnitySubsystems
[Subsystems] Discovering subsystems at path C:/Users/oriol/Documents/3D-GAME-VJ/3D-DOT-GAME-HEROES-VJ/Assets
GfxDevice: creating device client; threaded=0; jobified=0
Direct3D:
    Version:  Direct3D 11.0 [level 11.0]
    Renderer: NVIDIA GeForce 920MX (ID=0x134f)
    Vendor:   NVIDIA
    VRAM:     2020 MB
    Driver:   22.21.13.8264
Initialize mono
Mono path[0] = 'C:/Program Files/Unity/Hub/Editor/2021.3.13f1/Editor/Data/Managed'
Mono path[1] = 'C:/Program Files/Unity/Hub/Editor/2021.3.13f1/Editor/Data/MonoBleedingEdge/lib/mono/unityjit-win32'
Mono config path = 'C:/Program Files/Unity/Hub/Editor/2021.3.13f1/Editor/Data/MonoBleedingEdge/etc'
Using monoOptions --debugger-agent=transport=dt_socket,embedding=1,server=y,suspend=n,address=127.0.0.1:56260
Begin MonoManager ReloadAssembly
Registering precompiled unity dll's ...
Register platform support module: C:/Program Files/Unity/Hub/Editor/2021.3.13f1/Editor/Data/PlaybackEngines/WebGLSupport/UnityEditor.WebGL.Extensions.dll
Register platform support module: C:/Program Files/Unity/Hub/Editor/2021.3.13f1/Editor/Data/PlaybackEngines/WindowsStandaloneSupport/UnityEditor.WindowsStandalone.Extensions.dll
Registered in 0.011530 seconds.
Native extension for WindowsStandalone target not found
Native extension for WebGL target not found
Refreshing native plugins compatible for Editor in 123.02 ms, found 3 plugins.
Preloading 0 native plugins for Editor in 0.00 ms.
Mono: successfully reloaded assembly
- Completed reload, in  0.825 seconds
Domain Reload Profiling:
	ReloadAssembly (825ms)
		BeginReloadAssembly (91ms)
			ExecutionOrderSort (0ms)
			DisableScriptedObjects (0ms)
			BackupInstance (0ms)
			ReleaseScriptingObjects (0ms)
			CreateAndSetChildDomain (1ms)
		EndReloadAssembly (599ms)
			LoadAssemblies (88ms)
			RebuildTransferFunctionScriptingTraits (0ms)
			SetupTypeCache (139ms)
			ReleaseScriptCaches (0ms)
			RebuildScriptCaches (37ms)
			SetupLoadedEditorAssemblies (356ms)
				LogAssemblyErrors (0ms)
				InitializePlatformSupportModulesInManaged (12ms)
				SetLoadedEditorAssemblies (0ms)
				RefreshPlugins (123ms)
				BeforeProcessingInitializeOnLoad (2ms)
				ProcessInitializeOnLoadAttributes (159ms)
				ProcessInitializeOnLoadMethodAttributes (60ms)
				AfterProcessingInitializeOnLoad (0ms)
				EditorAssembliesLoaded (0ms)
			ExecutionOrderSort2 (0ms)
			AwakeInstancesAfterBackupRestoration (0ms)
Platform modules already initialized, skipping
Registering precompiled user dll's ...
Registered in 0.010561 seconds.
Begin MonoManager ReloadAssembly
Symbol file LoadedFromMemory doesn't match image C:\Users\oriol\Documents\3D-GAME-VJ\3D-DOT-GAME-HEROES-VJ\Library\PackageCache\com.unity.visualscripting@1.7.8\Editor\VisualScripting.Core\Dependencies\YamlDotNet\Unity.VisualScripting.YamlDotNet.dll
Symbol file LoadedFromMemory doesn't match image C:\Users\oriol\Documents\3D-GAME-VJ\3D-DOT-GAME-HEROES-VJ\Library\PackageCache\com.unity.visualscripting@1.7.8\Editor\VisualScripting.Core\Dependencies\DotNetZip\Unity.VisualScripting.IonicZip.dll
Native extension for WindowsStandalone target not found
Native extension for WebGL target not found
Refreshing native plugins compatible for Editor in 0.84 ms, found 3 plugins.
Preloading 0 native plugins for Editor in 0.00 ms.
Mono: successfully reloaded assembly
- Completed reload, in  1.809 seconds
Domain Reload Profiling:
	ReloadAssembly (1809ms)
		BeginReloadAssembly (187ms)
			ExecutionOrderSort (0ms)
			DisableScriptedObjects (7ms)
			BackupInstance (0ms)
			ReleaseScriptingObjects (0ms)
			CreateAndSetChildDomain (24ms)
		EndReloadAssembly (1364ms)
			LoadAssemblies (156ms)
			RebuildTransferFunctionScriptingTraits (0ms)
			SetupTypeCache (636ms)
			ReleaseScriptCaches (1ms)
			RebuildScriptCaches (72ms)
			SetupLoadedEditorAssemblies (510ms)
				LogAssemblyErrors (0ms)
				InitializePlatformSupportModulesInManaged (9ms)
				SetLoadedEditorAssemblies (1ms)
				RefreshPlugins (1ms)
				BeforeProcessingInitializeOnLoad (119ms)
				ProcessInitializeOnLoadAttributes (334ms)
				ProcessInitializeOnLoadMethodAttributes (35ms)
				AfterProcessingInitializeOnLoad (11ms)
				EditorAssembliesLoaded (0ms)
			ExecutionOrderSort2 (0ms)
			AwakeInstancesAfterBackupRestoration (10ms)
Platform modules already initialized, skipping
========================================================================
Worker process is ready to serve import requests
Launched and connected shader compiler UnityShaderCompiler.exe after 0.06 seconds
Refreshing native plugins compatible for Editor in 0.85 ms, found 3 plugins.
Preloading 0 native plugins for Editor in 0.00 ms.
Unloading 3913 Unused Serialized files (Serialized files now loaded: 0)
Unloading 42 unused Assets / (133.2 KB). Loaded Objects now: 4395.
Memory consumption went from 162.3 MB to 162.2 MB.
Total: 3.746000 ms (FindLiveObjects: 0.369600 ms CreateObjectMapping: 0.546800 ms MarkObjects: 2.671100 ms  DeleteObjects: 0.157100 ms)

AssetImportParameters requested are different than current active one (requested -> active):
  custom:video-decoder-ogg-theora: a1e56fd34408186e4bbccfd4996cb3dc -> 
  custom:container-muxer-webm: aa71ff27fc2769a1b78a27578f13a17b -> 
  custom:container-demuxer-webm: 4f35f7cbe854078d1ac9338744f61a02 -> 
  custom:video-encoder-webm-vp8: eb34c28f22e8b96e1ab97ce403110664 -> 
  custom:audio-encoder-webm-vorbis: bf7c407c2cedff20999df2af8eb42d56 -> 
  custom:framework-win-MediaFoundation: 216162199b28c13a410421893ffa2e32 -> 
  custom:container-demuxer-ogg: 62fdf1f143b41e24485cea50d1cbac27 -> 
  custom:video-decoder-webm-vp8: 9c59270c3fd7afecdb556c50c9e8de78 -> 
  custom:audio-decoder-ogg-vorbis: bf7c407c2cedff20999df2af8eb42d56 -> 
========================================================================
Received Import Request.
  Time since last request: 3961.298760 seconds.
  path: Assets/Scripts
  artifactKey: Guid(04db06c94cd12b042a93339ef0fc1272) Importer(815301076,1909f56bfc062723c751e8b465ee728b)
Start importing Assets/Scripts using Guid(04db06c94cd12b042a93339ef0fc1272) Importer(815301076,1909f56bfc062723c751e8b465ee728b)  -> (artifact id: '87411817cd9ba6d0f25fba7c6b94f465') in 0.014254 seconds 
========================================================================
Received Import Request.
  Time since last request: 0.068583 seconds.
  path: Assets/Scripts/3ddotgameheroes_logo-removebg-preview.png
  artifactKey: Guid(b559b272a76f6af448db804f4aac83c5) Importer(815301076,1909f56bfc062723c751e8b465ee728b)
Start importing Assets/Scripts/3ddotgameheroes_logo-removebg-preview.png using Guid(b559b272a76f6af448db804f4aac83c5) Importer(815301076,1909f56bfc062723c751e8b465ee728b)  -> (artifact id: '2085f672dd76e34416b3ad7657886065') in 0.129188 seconds 
========================================================================
Received Import Request.
  Time since last request: 7.491904 seconds.
  path: Assets/Boomerang/BoomerangObj.prefab
  artifactKey: Guid(903f635814680604f9f150026a32e544) Importer(815301076,1909f56bfc062723c751e8b465ee728b)
Start importing Assets/Boomerang/BoomerangObj.prefab using Guid(903f635814680604f9f150026a32e544) Importer(815301076,1909f56bfc062723c751e8b465ee728b)  -> (artifact id: 'cd8fcc5a6964efd6ec8300aba7a060c7') in 0.051072 seconds 
========================================================================
Received Import Request.
  Time since last request: 41.163334 seconds.
  path: Assets/Cartoon_Tank_Free
  artifactKey: Guid(31b122ca16e36204a87075b06f8313fb) Importer(815301076,1909f56bfc062723c751e8b465ee728b)
Start importing Assets/Cartoon_Tank_Free using Guid(31b122ca16e36204a87075b06f8313fb) Importer(815301076,1909f56bfc062723c751e8b465ee728b)  -> (artifact id: 'f31444143929e60f882ec7596cacd025') in 0.009029 seconds 
========================================================================
Received Import Request.
  Time since last request: 1.170659 seconds.
  path: Assets/Cartoon_Tank_Free/CTF_3dModel
  artifactKey: Guid(a57ab0e3c282b314da21540f93625c1b) Importer(815301076,1909f56bfc062723c751e8b465ee728b)
Start importing Assets/Cartoon_Tank_Free/CTF_3dModel using Guid(a57ab0e3c282b314da21540f93625c1b) Importer(815301076,1909f56bfc062723c751e8b465ee728b)  -> (artifact id: 'b4bbaeeb283c78b68ff49b7a19ad51bb') in 0.009447 seconds 
========================================================================
Received Import Request.
  Time since last request: 0.074808 seconds.
  path: Assets/Cartoon_Tank_Free/CTF_3dModel/СTF_TankFree.FBX
  artifactKey: Guid(3d210b2be9d4b9144b53828dfc2e73e3) Importer(815301076,1909f56bfc062723c751e8b465ee728b)
Start importing Assets/Cartoon_Tank_Free/CTF_3dModel/СTF_TankFree.FBX using Guid(3d210b2be9d4b9144b53828dfc2e73e3) Importer(815301076,1909f56bfc062723c751e8b465ee728b)  -> (artifact id: '15d152cfe755d5b69bba4bf0ac6efbb3') in 0.203194 seconds 
========================================================================
Received Import Request.
  Time since last request: 2.303962 seconds.
  path: Assets/Cartoon_Tank_Free/CTF_Materials
  artifactKey: Guid(62624b196fb7e6744965221eae462f7f) Importer(815301076,1909f56bfc062723c751e8b465ee728b)
Start importing Assets/Cartoon_Tank_Free/CTF_Materials using Guid(62624b196fb7e6744965221eae462f7f) Importer(815301076,1909f56bfc062723c751e8b465ee728b)  -> (artifact id: '782163b9df2604156b80c383841e8d3a') in 0.010003 seconds 
========================================================================
Received Import Request.
  Time since last request: 0.270333 seconds.
  path: Assets/Cartoon_Tank_Free/CTF_Materials/CTF_Mat_AdElements_Blue.mat
  artifactKey: Guid(2bb78c64528360f47a13a43ba4790e14) Importer(815301076,1909f56bfc062723c751e8b465ee728b)
Start importing Assets/Cartoon_Tank_Free/CTF_Materials/CTF_Mat_AdElements_Blue.mat using Guid(2bb78c64528360f47a13a43ba4790e14) Importer(815301076,1909f56bfc062723c751e8b465ee728b)  -> (artifact id: 'c80e93b5e061179fc1f91c10e5569355') in 0.128924 seconds 
========================================================================
Received Import Request.
  Time since last request: 0.000029 seconds.
  path: Assets/Cartoon_Tank_Free/CTF_Materials/CTF_Mat_AdElements_Yel.mat
  artifactKey: Guid(b7275cbf36c85ea429b0ea4cefeaa312) Importer(815301076,1909f56bfc062723c751e8b465ee728b)
Start importing Assets/Cartoon_Tank_Free/CTF_Materials/CTF_Mat_AdElements_Yel.mat using Guid(b7275cbf36c85ea429b0ea4cefeaa312) Importer(815301076,1909f56bfc062723c751e8b465ee728b)  -> (artifact id: '43c9da34aa67a071ece7f6e856b7137c') in 0.076788 seconds 
========================================================================
Received Import Request.
  Time since last request: 0.000037 seconds.
  path: Assets/Cartoon_Tank_Free/CTF_Materials/CTF_Mat_TankFree_Red.mat
  artifactKey: Guid(4bd122cb58a5d8645afd8bf406f31e3f) Importer(815301076,1909f56bfc062723c751e8b465ee728b)
Start importing Assets/Cartoon_Tank_Free/CTF_Materials/CTF_Mat_TankFree_Red.mat using Guid(4bd122cb58a5d8645afd8bf406f31e3f) Importer(815301076,1909f56bfc062723c751e8b465ee728b)  -> (artifact id: '2500ad4c4fe0b1569cc9503699974829') in 0.066933 seconds 
========================================================================
Received Import Request.
  Time since last request: 0.000024 seconds.
  path: Assets/Cartoon_Tank_Free/CTF_Materials/CTF_Mat_Platform.mat
  artifactKey: Guid(6fbb381d9e906294dbcfe29b553eb8f0) Importer(815301076,1909f56bfc062723c751e8b465ee728b)
Start importing Assets/Cartoon_Tank_Free/CTF_Materials/CTF_Mat_Platform.mat using Guid(6fbb381d9e906294dbcfe29b553eb8f0) Importer(815301076,1909f56bfc062723c751e8b465ee728b)  -> (artifact id: 'b29124093d5f9e3ce482957088bd5e46') in 0.042943 seconds 
========================================================================
Received Import Request.
  Time since last request: 0.000112 seconds.
  path: Assets/Cartoon_Tank_Free/CTF_Materials/CTF_Mat_TankFree_Green.mat
  artifactKey: Guid(36797ffef13d2934b9df4b1eee1d60ad) Importer(815301076,1909f56bfc062723c751e8b465ee728b)
Start importing Assets/Cartoon_Tank_Free/CTF_Materials/CTF_Mat_TankFree_Green.mat using Guid(36797ffef13d2934b9df4b1eee1d60ad) Importer(815301076,1909f56bfc062723c751e8b465ee728b)  -> (artifact id: '5bfdf26f4eaeb21afffc5bc4aa4642d7') in 0.038311 seconds 
========================================================================
Received Import Request.
  Time since last request: 10.375910 seconds.
  path: Assets/Cartoon_Tank_Free/CTF_Prefabs
  artifactKey: Guid(fca7cad63f5a0cb428cdcac60f70d854) Importer(815301076,1909f56bfc062723c751e8b465ee728b)
Start importing Assets/Cartoon_Tank_Free/CTF_Prefabs using Guid(fca7cad63f5a0cb428cdcac60f70d854) Importer(815301076,1909f56bfc062723c751e8b465ee728b)  -> (artifact id: 'f274733da90055d471f3b78b99731b57') in 0.009980 seconds 
========================================================================
Received Import Request.
  Time since last request: 0.079394 seconds.
  path: Assets/Cartoon_Tank_Free/CTF_Prefabs/TankFree_Blue.prefab
  artifactKey: Guid(a30540c41d7d5ed4281d72b4916afb5e) Importer(815301076,1909f56bfc062723c751e8b465ee728b)
Start importing Assets/Cartoon_Tank_Free/CTF_Prefabs/TankFree_Blue.prefab using Guid(a30540c41d7d5ed4281d72b4916afb5e) Importer(815301076,1909f56bfc062723c751e8b465ee728b)  -> (artifact id: '929c52501b5d6af42a41dead7c1fcc3c') in 0.033085 seconds 
========================================================================
Received Import Request.
  Time since last request: 0.000026 seconds.
  path: Assets/Cartoon_Tank_Free/CTF_Prefabs/СTF_Mine_Blue.prefab
  artifactKey: Guid(34d950903576761479d237ecf0151495) Importer(815301076,1909f56bfc062723c751e8b465ee728b)
Start importing Assets/Cartoon_Tank_Free/CTF_Prefabs/СTF_Mine_Blue.prefab using Guid(34d950903576761479d237ecf0151495) Importer(815301076,1909f56bfc062723c751e8b465ee728b)  -> (artifact id: 'b924234cb9755fee8f0edd8551847687') in 0.058833 seconds 
========================================================================
Received Import Request.
  Time since last request: 0.000029 seconds.
  path: Assets/Cartoon_Tank_Free/CTF_Prefabs/СTF_Mine_Yel.prefab
  artifactKey: Guid(f3bbfc0d1c203084e948803d71c586b5) Importer(815301076,1909f56bfc062723c751e8b465ee728b)
Start importing Assets/Cartoon_Tank_Free/CTF_Prefabs/СTF_Mine_Yel.prefab using Guid(f3bbfc0d1c203084e948803d71c586b5) Importer(815301076,1909f56bfc062723c751e8b465ee728b)  -> (artifact id: '1f54b0a13e0c02244b725f46b5f4626e') in 0.028123 seconds 
========================================================================
Received Import Request.
  Time since last request: 0.000032 seconds.
  path: Assets/Cartoon_Tank_Free/CTF_Prefabs/СTF_Missile_Green.prefab
  artifactKey: Guid(7c10c31acbca29f459d7eaab559ebf9a) Importer(815301076,1909f56bfc062723c751e8b465ee728b)
Start importing Assets/Cartoon_Tank_Free/CTF_Prefabs/СTF_Missile_Green.prefab using Guid(7c10c31acbca29f459d7eaab559ebf9a) Importer(815301076,1909f56bfc062723c751e8b465ee728b)  -> (artifact id: 'a5cbe4586d670360f155fee8673d4dd1') in 0.039577 seconds 
========================================================================
Received Import Request.
  Time since last request: 0.000040 seconds.
  path: Assets/Cartoon_Tank_Free/CTF_Prefabs/СTF_Mine_Green.prefab
  artifactKey: Guid(54bb213667eda734b98bef43a3ff6c93) Importer(815301076,1909f56bfc062723c751e8b465ee728b)
Start importing Assets/Cartoon_Tank_Free/CTF_Prefabs/СTF_Mine_Green.prefab using Guid(54bb213667eda734b98bef43a3ff6c93) Importer(815301076,1909f56bfc062723c751e8b465ee728b)  -> (artifact id: '6a2c014deee17dd2905707a338599c53') in 0.050093 seconds 
========================================================================
Received Import Request.
  Time since last request: 0.000028 seconds.
  path: Assets/Cartoon_Tank_Free/CTF_Prefabs/СTF_Missile_Yel.prefab
  artifactKey: Guid(ebc8ef3e1eaa76c44aacba4e5ec67bf4) Importer(815301076,1909f56bfc062723c751e8b465ee728b)
Start importing Assets/Cartoon_Tank_Free/CTF_Prefabs/СTF_Missile_Yel.prefab using Guid(ebc8ef3e1eaa76c44aacba4e5ec67bf4) Importer(815301076,1909f56bfc062723c751e8b465ee728b)  -> (artifact id: '82022b621e37edf7fe3166c2abe2b557') in 0.044113 seconds 
========================================================================
Received Import Request.
  Time since last request: 0.000028 seconds.
  path: Assets/Cartoon_Tank_Free/CTF_Prefabs/TankFree_Yel.prefab
  artifactKey: Guid(ae98f3b2f9fb19e4dba07742ad8d6f4d) Importer(815301076,1909f56bfc062723c751e8b465ee728b)
Start importing Assets/Cartoon_Tank_Free/CTF_Prefabs/TankFree_Yel.prefab using Guid(ae98f3b2f9fb19e4dba07742ad8d6f4d) Importer(815301076,1909f56bfc062723c751e8b465ee728b)  -> (artifact id: '74594dd034fb0c9528181ddc0a1a88e5') in 0.052169 seconds 
========================================================================
Received Import Request.
  Time since last request: 0.000033 seconds.
  path: Assets/Cartoon_Tank_Free/CTF_Prefabs/СTF_Mine_Red.prefab
  artifactKey: Guid(490f0ac7897da974780edf3173c56f0b) Importer(815301076,1909f56bfc062723c751e8b465ee728b)
Start importing Assets/Cartoon_Tank_Free/CTF_Prefabs/СTF_Mine_Red.prefab using Guid(490f0ac7897da974780edf3173c56f0b) Importer(815301076,1909f56bfc062723c751e8b465ee728b)  -> (artifact id: '1233b85b23ad36428cd2930970f7f8a5') in 0.037062 seconds 
========================================================================
Received Import Request.
  Time since last request: 0.000030 seconds.
  path: Assets/Cartoon_Tank_Free/CTF_Prefabs/СTF_Box_Cap_Red.prefab
  artifactKey: Guid(3a9a807a94ca979478eb69a71a4e4855) Importer(815301076,1909f56bfc062723c751e8b465ee728b)
Start importing Assets/Cartoon_Tank_Free/CTF_Prefabs/СTF_Box_Cap_Red.prefab using Guid(3a9a807a94ca979478eb69a71a4e4855) Importer(815301076,1909f56bfc062723c751e8b465ee728b)  -> (artifact id: '0b58249bcaf54011d56b891bbf674a30') in 0.026256 seconds 
========================================================================
Received Import Request.
  Time since last request: 0.000075 seconds.
  path: Assets/Cartoon_Tank_Free/CTF_Prefabs/СTF_Box_Yel.prefab
  artifactKey: Guid(0750a41b5ee01554cb8948fe758c4e12) Importer(815301076,1909f56bfc062723c751e8b465ee728b)
Start importing Assets/Cartoon_Tank_Free/CTF_Prefabs/СTF_Box_Yel.prefab using Guid(0750a41b5ee01554cb8948fe758c4e12) Importer(815301076,1909f56bfc062723c751e8b465ee728b)  -> (artifact id: '1b0e63fe64431931edc3468985cf1883') in 0.027311 seconds 
========================================================================
Received Import Request.
  Time since last request: 9.509768 seconds.
  path: Assets/Cartoon_Tank_Free/CTF_Scenes
  artifactKey: Guid(f4769f40592ffcf419059e6687a6e2f1) Importer(815301076,1909f56bfc062723c751e8b465ee728b)
Start importing Assets/Cartoon_Tank_Free/CTF_Scenes using Guid(f4769f40592ffcf419059e6687a6e2f1) Importer(815301076,1909f56bfc062723c751e8b465ee728b)  -> (artifact id: 'b67c8d6090d72ee2c02e60930aa2b03c') in 0.004995 seconds 
========================================================================
Received Import Request.
  Time since last request: 0.921715 seconds.
  path: Assets/Cartoon_Tank_Free/CTF_Scenes/Cartoon_Tank_Free.unity
  artifactKey: Guid(e67238df22269a044936005ac0115219) Importer(815301076,1909f56bfc062723c751e8b465ee728b)
Start importing Assets/Cartoon_Tank_Free/CTF_Scenes/Cartoon_Tank_Free.unity using Guid(e67238df22269a044936005ac0115219) Importer(815301076,1909f56bfc062723c751e8b465ee728b)  -> (artifact id: '736b88b8188802a110c6721cabd4a302') in 0.008666 seconds 
========================================================================
Received Import Request.
  Time since last request: 6.225087 seconds.
  path: Assets/Cartoon_Tank_Free/CTF_Textures
  artifactKey: Guid(a761d4fd063aa494aaff5d1d7a4273c2) Importer(815301076,1909f56bfc062723c751e8b465ee728b)
Start importing Assets/Cartoon_Tank_Free/CTF_Textures using Guid(a761d4fd063aa494aaff5d1d7a4273c2) Importer(815301076,1909f56bfc062723c751e8b465ee728b)  -> (artifact id: 'e0883ce3c5c4f2c22e0811fe23e10aba') in 0.010079 seconds 
========================================================================
Received Import Request.
  Time since last request: 1.515969 seconds.
  path: Assets/Cartoon_Tank_Free/CTF_Textures/CTF_Elements
  artifactKey: Guid(0ebbf2ca20b6fd749a1ad0053ff9eee0) Importer(815301076,1909f56bfc062723c751e8b465ee728b)
Start importing Assets/Cartoon_Tank_Free/CTF_Textures/CTF_Elements using Guid(0ebbf2ca20b6fd749a1ad0053ff9eee0) Importer(815301076,1909f56bfc062723c751e8b465ee728b)  -> (artifact id: 'f9c0fe6343e901975cdd9383057b987e') in 0.009876 seconds 
========================================================================
Received Import Request.
  Time since last request: 0.324007 seconds.
  path: Assets/Cartoon_Tank_Free/CTF_Textures/CTF_Elements/CTF_Elements_Base_Color_B.png
  artifactKey: Guid(6a62cbb42f035534eb6496ef50a6fc76) Importer(815301076,1909f56bfc062723c751e8b465ee728b)
Start importing Assets/Cartoon_Tank_Free/CTF_Textures/CTF_Elements/CTF_Elements_Base_Color_B.png using Guid(6a62cbb42f035534eb6496ef50a6fc76) Importer(815301076,1909f56bfc062723c751e8b465ee728b)  -> (artifact id: '000836ada8391f78d3e5fc152baf1e80') in 0.053621 seconds 
========================================================================
Received Import Request.
  Time since last request: 0.000043 seconds.
  path: Assets/Cartoon_Tank_Free/CTF_Textures/CTF_Elements/CTF_Elements_MetallicSmoothness.png
  artifactKey: Guid(94ba6fd0d2801f34c959053fd40c9335) Importer(815301076,1909f56bfc062723c751e8b465ee728b)
Start importing Assets/Cartoon_Tank_Free/CTF_Textures/CTF_Elements/CTF_Elements_MetallicSmoothness.png using Guid(94ba6fd0d2801f34c959053fd40c9335) Importer(815301076,1909f56bfc062723c751e8b465ee728b)  -> (artifact id: 'b53ea5c76de88ea04bae7552f1f1a4fd') in 0.059184 seconds 
========================================================================
Received Import Request.
  Time since last request: 6.455579 seconds.
  path: Assets/Cartoon_Tank_Free/CTF_Textures/CTF_Platform
  artifactKey: Guid(7f87c0d31f5904948921fc55d8f76a78) Importer(815301076,1909f56bfc062723c751e8b465ee728b)
Start importing Assets/Cartoon_Tank_Free/CTF_Textures/CTF_Platform using Guid(7f87c0d31f5904948921fc55d8f76a78) Importer(815301076,1909f56bfc062723c751e8b465ee728b)  -> (artifact id: '1dcf603087ab4e25cceed2f492a3cc39') in 0.009155 seconds 
========================================================================
Received Import Request.
  Time since last request: 0.074298 seconds.
  path: Assets/Cartoon_Tank_Free/CTF_Textures/CTF_Platform/CTF_Platform_BaseColor.png
  artifactKey: Guid(798a91e23985d7447b1c6410fc3ddba1) Importer(815301076,1909f56bfc062723c751e8b465ee728b)
Start importing Assets/Cartoon_Tank_Free/CTF_Textures/CTF_Platform/CTF_Platform_BaseColor.png using Guid(798a91e23985d7447b1c6410fc3ddba1) Importer(815301076,1909f56bfc062723c751e8b465ee728b)  -> (artifact id: 'c512577d3c520a24b24c4621f2e31bbc') in 0.038012 seconds 
========================================================================
Received Import Request.
  Time since last request: 1.527356 seconds.
  path: Assets/Cartoon_Tank_Free/CTF_Textures/CTF_TankFree
  artifactKey: Guid(ebcab6502db0da6498b1fa448f212526) Importer(815301076,1909f56bfc062723c751e8b465ee728b)
Start importing Assets/Cartoon_Tank_Free/CTF_Textures/CTF_TankFree using Guid(ebcab6502db0da6498b1fa448f212526) Importer(815301076,1909f56bfc062723c751e8b465ee728b)  -> (artifact id: '8085b4bac2f6b141a6ac2d8ed3cf7e60') in 0.009583 seconds 
========================================================================
Received Import Request.
  Time since last request: 0.106364 seconds.
  path: Assets/Cartoon_Tank_Free/CTF_Textures/CTF_TankFree/CTF_TankFree_Base_Color_B.png
  artifactKey: Guid(d5070c96257cbd441ae73a8a25b70ab9) Importer(815301076,1909f56bfc062723c751e8b465ee728b)
Start importing Assets/Cartoon_Tank_Free/CTF_Textures/CTF_TankFree/CTF_TankFree_Base_Color_B.png using Guid(d5070c96257cbd441ae73a8a25b70ab9) Importer(815301076,1909f56bfc062723c751e8b465ee728b)  -> (artifact id: '3a973488ec8245a18e5ec16d80816e8d') in 0.054165 seconds 
========================================================================
Received Import Request.
  Time since last request: 0.000028 seconds.
  path: Assets/Cartoon_Tank_Free/CTF_Textures/CTF_TankFree/CTF_TankFree_MetallicSmoothness.png
  artifactKey: Guid(050f134227276574f82a9b537f192e04) Importer(815301076,1909f56bfc062723c751e8b465ee728b)
Start importing Assets/Cartoon_Tank_Free/CTF_Textures/CTF_TankFree/CTF_TankFree_MetallicSmoothness.png using Guid(050f134227276574f82a9b537f192e04) Importer(815301076,1909f56bfc062723c751e8b465ee728b)  -> (artifact id: '13303e6cb9612a3339dd5d9ef241a6ca') in 0.056191 seconds 
========================================================================
Received Import Request.
  Time since last request: 7.243070 seconds.
  path: Assets/Decorations/rock_1.fbx
  artifactKey: Guid(52352f841eb14f54abe9f1d740d88090) Importer(815301076,1909f56bfc062723c751e8b465ee728b)
Start importing Assets/Decorations/rock_1.fbx using Guid(52352f841eb14f54abe9f1d740d88090) Importer(815301076,1909f56bfc062723c751e8b465ee728b)  -> (artifact id: 'c5a2527b142ae47d3c200fbf363f927b') in 0.056591 seconds 
========================================================================
Received Import Request.
  Time since last request: 12.028020 seconds.
  path: Assets/Decorations/Materials/stone_2.mat
  artifactKey: Guid(052a6d2fbc31ae7498a9b08b0a2d855e) Importer(815301076,1909f56bfc062723c751e8b465ee728b)
Start importing Assets/Decorations/Materials/stone_2.mat using Guid(052a6d2fbc31ae7498a9b08b0a2d855e) Importer(815301076,1909f56bfc062723c751e8b465ee728b)  -> (artifact id: '5b4094c984391bad0453b943815ca62e') in 0.024769 seconds 
========================================================================
Received Import Request.
  Time since last request: 34.521794 seconds.
  path: Assets/EnemyPrefab
  artifactKey: Guid(b74cdf8c87b136a4b8b60b32c27a32c8) Importer(815301076,1909f56bfc062723c751e8b465ee728b)
Start importing Assets/EnemyPrefab using Guid(b74cdf8c87b136a4b8b60b32c27a32c8) Importer(815301076,1909f56bfc062723c751e8b465ee728b)  -> (artifact id: '0b3fc84187ca8884de95806147fa9830') in 0.009782 seconds 
========================================================================
Received Import Request.
  Time since last request: 0.088324 seconds.
  path: Assets/EnemyPrefab/Boximon Cyclopes.prefab
  artifactKey: Guid(b19e503199b283e4a9f2e9b0967f13c1) Importer(815301076,1909f56bfc062723c751e8b465ee728b)
Start importing Assets/EnemyPrefab/Boximon Cyclopes.prefab using Guid(b19e503199b283e4a9f2e9b0967f13c1) Importer(815301076,1909f56bfc062723c751e8b465ee728b)  -> (artifact id: 'e48e0ccdcbd1683d3e5f88da1dd16fc7') in 0.082083 seconds 
========================================================================
Received Import Request.
  Time since last request: 3.447387 seconds.
  path: Assets/Handpainted_Grass_and_Ground_Textures/Textures
  artifactKey: Guid(4f643ed71c1acfe4493bd44e5291b1f1) Importer(815301076,1909f56bfc062723c751e8b465ee728b)
Start importing Assets/Handpainted_Grass_and_Ground_Textures/Textures using Guid(4f643ed71c1acfe4493bd44e5291b1f1) Importer(815301076,1909f56bfc062723c751e8b465ee728b)  -> (artifact id: 'd29a443c759ad297422a0c2d8f562018') in 0.012954 seconds 
========================================================================
Received Import Request.
  Time since last request: 7.500856 seconds.
  path: Assets/Materials
  artifactKey: Guid(bf264ed6220cc394ca7cd82ab6db0ffc) Importer(815301076,1909f56bfc062723c751e8b465ee728b)
Start importing Assets/Materials using Guid(bf264ed6220cc394ca7cd82ab6db0ffc) Importer(815301076,1909f56bfc062723c751e8b465ee728b)  -> (artifact id: 'ca7d9742e451b06b958c609cead86cc4') in 0.013453 seconds 
========================================================================
Received Import Request.
  Time since last request: 0.682114 seconds.
  path: Assets/Materials/Marron.mat
  artifactKey: Guid(9eb7723d905526041b252b919c1522dd) Importer(815301076,1909f56bfc062723c751e8b465ee728b)
Start importing Assets/Materials/Marron.mat using Guid(9eb7723d905526041b252b919c1522dd) Importer(815301076,1909f56bfc062723c751e8b465ee728b)  -> (artifact id: '06001a3aff1c89af2b2295bb6db0e5bc') in 0.027949 seconds 
========================================================================
Received Import Request.
  Time since last request: 2.693600 seconds.
  path: Assets/Meshtint Free Boximon Cyclopes Mega Toon Series
  artifactKey: Guid(64cd0157e98e1504d9b8d213c5254c0e) Importer(815301076,1909f56bfc062723c751e8b465ee728b)
Start importing Assets/Meshtint Free Boximon Cyclopes Mega Toon Series using Guid(64cd0157e98e1504d9b8d213c5254c0e) Importer(815301076,1909f56bfc062723c751e8b465ee728b)  -> (artifact id: '3dfee6b4ec6396a6092b03f9690e350f') in 0.010021 seconds 
========================================================================
Received Import Request.
  Time since last request: 3.032590 seconds.
  path: Assets/Meshtint Free Boximon Cyclopes Mega Toon Series/Scenes
  artifactKey: Guid(96a4983345478854a8eb0cf1a8cda465) Importer(815301076,1909f56bfc062723c751e8b465ee728b)
Start importing Assets/Meshtint Free Boximon Cyclopes Mega Toon Series/Scenes using Guid(96a4983345478854a8eb0cf1a8cda465) Importer(815301076,1909f56bfc062723c751e8b465ee728b)  -> (artifact id: '7ca38364343128a9fdebb1d7283895fa') in 0.012477 seconds 
========================================================================
Received Import Request.
  Time since last request: 3.516253 seconds.
  path: Assets/Meshtint Free Boximon Cyclopes Mega Toon Series/READ ME
  artifactKey: Guid(220251376bff8a84b8688e3c9cfdd487) Importer(815301076,1909f56bfc062723c751e8b465ee728b)
Start importing Assets/Meshtint Free Boximon Cyclopes Mega Toon Series/READ ME using Guid(220251376bff8a84b8688e3c9cfdd487) Importer(815301076,1909f56bfc062723c751e8b465ee728b)  -> (artifact id: 'da71f6e6d14696a42f246c3c48ea0ea2') in 0.010608 seconds 
========================================================================
Received Import Request.
  Time since last request: 5.040331 seconds.
  path: Assets/Meshtint Free Boximon Fiery Mega Toon Series
  artifactKey: Guid(5c432f1c98cadb84fbb2cb782a887d74) Importer(815301076,1909f56bfc062723c751e8b465ee728b)
Start importing Assets/Meshtint Free Boximon Fiery Mega Toon Series using Guid(5c432f1c98cadb84fbb2cb782a887d74) Importer(815301076,1909f56bfc062723c751e8b465ee728b)  -> (artifact id: 'f606975ff9f68cf9f63d13ef8d23f624') in 0.011354 seconds 
========================================================================
Received Import Request.
  Time since last request: 0.999396 seconds.
  path: Assets/Meshtint Free Boximon Fiery Mega Toon Series/READ ME
  artifactKey: Guid(bfe1ca756e561424e8242dad746fdf0b) Importer(815301076,1909f56bfc062723c751e8b465ee728b)
Start importing Assets/Meshtint Free Boximon Fiery Mega Toon Series/READ ME using Guid(bfe1ca756e561424e8242dad746fdf0b) Importer(815301076,1909f56bfc062723c751e8b465ee728b)  -> (artifact id: '89770fb7f562c2adbe55fdce0828068f') in 0.004695 seconds 
========================================================================
Received Import Request.
  Time since last request: 0.881223 seconds.
  path: Assets/Meshtint Free Boximon Fiery Mega Toon Series/Scenes
  artifactKey: Guid(7017f1e36f3b4b3489fd77b82c3fcf3a) Importer(815301076,1909f56bfc062723c751e8b465ee728b)
Start importing Assets/Meshtint Free Boximon Fiery Mega Toon Series/Scenes using Guid(7017f1e36f3b4b3489fd77b82c3fcf3a) Importer(815301076,1909f56bfc062723c751e8b465ee728b)  -> (artifact id: 'd15ab1c977dfce0b0f768ae6fe45b5fc') in 0.003994 seconds 
========================================================================
Received Import Request.
  Time since last request: 4.613037 seconds.
  path: Assets/puzzels
  artifactKey: Guid(17507d4e47e11d64c8e2ecc7cc64a3f5) Importer(815301076,1909f56bfc062723c751e8b465ee728b)
Start importing Assets/puzzels using Guid(17507d4e47e11d64c8e2ecc7cc64a3f5) Importer(815301076,1909f56bfc062723c751e8b465ee728b)  -> (artifact id: 'b611df9fb1a1edc669f15983bc49a27d') in 0.014903 seconds 
========================================================================
Received Import Request.
  Time since last request: 1.422618 seconds.
  path: Assets/puzzels/SampleScene_Voxel.unity
  artifactKey: Guid(9e9e287037d35054fa29d835f30c5215) Importer(815301076,1909f56bfc062723c751e8b465ee728b)
Start importing Assets/puzzels/SampleScene_Voxel.unity using Guid(9e9e287037d35054fa29d835f30c5215) Importer(815301076,1909f56bfc062723c751e8b465ee728b)  -> (artifact id: '796f8f15892ace24628d8dfeb0d810c9') in 0.006190 seconds 
========================================================================
Received Import Request.
  Time since last request: 2.486190 seconds.
  path: Assets/puzzels/Voxel_Environments/Animations
  artifactKey: Guid(3f508a0744b3afe48bb88554c73ff189) Importer(815301076,1909f56bfc062723c751e8b465ee728b)
Start importing Assets/puzzels/Voxel_Environments/Animations using Guid(3f508a0744b3afe48bb88554c73ff189) Importer(815301076,1909f56bfc062723c751e8b465ee728b)  -> (artifact id: '05301379e3b464645d218ce5313e43c8') in 0.010674 seconds 
========================================================================
Received Import Request.
  Time since last request: 1.979813 seconds.
  path: Assets/puzzels/Voxel_Environments/FBX
  artifactKey: Guid(22e520d9145e3b8469d56e316f3fefb0) Importer(815301076,1909f56bfc062723c751e8b465ee728b)
Start importing Assets/puzzels/Voxel_Environments/FBX using Guid(22e520d9145e3b8469d56e316f3fefb0) Importer(815301076,1909f56bfc062723c751e8b465ee728b)  -> (artifact id: 'c88c7dd9912464a1e5ef02054446ee88') in 0.014049 seconds 
========================================================================
Received Import Request.
  Time since last request: 0.087819 seconds.
  path: Assets/puzzels/Voxel_Environments/FBX/Ground_Box.fbx
  artifactKey: Guid(93d136b8b1833924c9b563d5d4f71bdf) Importer(815301076,1909f56bfc062723c751e8b465ee728b)
Start importing Assets/puzzels/Voxel_Environments/FBX/Ground_Box.fbx using Guid(93d136b8b1833924c9b563d5d4f71bdf) Importer(815301076,1909f56bfc062723c751e8b465ee728b)  -> (artifact id: '5ee132b66fe25e6ca7a7396d27eafcff') in 0.045240 seconds 
========================================================================
Received Import Request.
  Time since last request: 0.000041 seconds.
  path: Assets/puzzels/Voxel_Environments/FBX/Rock_B.fbx
  artifactKey: Guid(41c9f29f00bd4b24c8f1143e71593680) Importer(815301076,1909f56bfc062723c751e8b465ee728b)
Start importing Assets/puzzels/Voxel_Environments/FBX/Rock_B.fbx using Guid(41c9f29f00bd4b24c8f1143e71593680) Importer(815301076,1909f56bfc062723c751e8b465ee728b)  -> (artifact id: '561c4a40dbd653d19d4895c6f0a4c290') in 0.066780 seconds 
========================================================================
Received Import Request.
  Time since last request: 1.205167 seconds.
  path: Assets/puzzels/Voxel_Environments/FBX/Materials
  artifactKey: Guid(32bd7f12070f6fd45b0fecab44b3f3dc) Importer(815301076,1909f56bfc062723c751e8b465ee728b)
Start importing Assets/puzzels/Voxel_Environments/FBX/Materials using Guid(32bd7f12070f6fd45b0fecab44b3f3dc) Importer(815301076,1909f56bfc062723c751e8b465ee728b)  -> (artifact id: '345a73e6e1bbdfa0ddc2fcb3ede588ca') in 0.004116 seconds 
========================================================================
Received Import Request.
  Time since last request: 5.911700 seconds.
  path: Assets/puzzels/Voxel_Environments/FBX/Materials/Ground_Sand_A.mat
  artifactKey: Guid(b16f72ee2bc573a4dbd5a8500a5a45c4) Importer(815301076,1909f56bfc062723c751e8b465ee728b)
Start importing Assets/puzzels/Voxel_Environments/FBX/Materials/Ground_Sand_A.mat using Guid(b16f72ee2bc573a4dbd5a8500a5a45c4) Importer(815301076,1909f56bfc062723c751e8b465ee728b)  -> (artifact id: '06c32e5a83f43a76e8b60f5cfeaf9e69') in 0.022276 seconds 
========================================================================
Received Import Request.
  Time since last request: 0.000028 seconds.
  path: Assets/puzzels/Voxel_Environments/FBX/Materials/Key_A.mat
  artifactKey: Guid(87b618b6ee2157b4bab3b06d3189b9b8) Importer(815301076,1909f56bfc062723c751e8b465ee728b)
Start importing Assets/puzzels/Voxel_Environments/FBX/Materials/Key_A.mat using Guid(87b618b6ee2157b4bab3b06d3189b9b8) Importer(815301076,1909f56bfc062723c751e8b465ee728b)  -> (artifact id: 'f0d6e87336a95f3b35ee2c835aa43dbf') in 0.027775 seconds 
========================================================================
Received Import Request.
  Time since last request: 0.000040 seconds.
  path: Assets/puzzels/Voxel_Environments/FBX/Materials/Ground_Sand_Mix_B.mat
  artifactKey: Guid(d299ed7979c49fd4ba75ecc6a855f119) Importer(815301076,1909f56bfc062723c751e8b465ee728b)
Start importing Assets/puzzels/Voxel_Environments/FBX/Materials/Ground_Sand_Mix_B.mat using Guid(d299ed7979c49fd4ba75ecc6a855f119) Importer(815301076,1909f56bfc062723c751e8b465ee728b)  -> (artifact id: 'e4ea68d5692f628d8068dd3e56cb69f3') in 0.090859 seconds 
========================================================================
Received Import Request.
  Time since last request: 0.000040 seconds.
  path: Assets/puzzels/Voxel_Environments/FBX/Materials/Rock_B.mat
  artifactKey: Guid(60663ee11ab9ff7479370e263887f27a) Importer(815301076,1909f56bfc062723c751e8b465ee728b)
Start importing Assets/puzzels/Voxel_Environments/FBX/Materials/Rock_B.mat using Guid(60663ee11ab9ff7479370e263887f27a) Importer(815301076,1909f56bfc062723c751e8b465ee728b)  -> (artifact id: '860c74cc828f51bb2faf6bc0b333c66b') in 0.038184 seconds 
========================================================================
Received Import Request.
  Time since last request: 0.000027 seconds.
  path: Assets/puzzels/Voxel_Environments/FBX/Materials/Treasure_A.mat
  artifactKey: Guid(f8eb3ef69bf098b40a18c00913f8ec81) Importer(815301076,1909f56bfc062723c751e8b465ee728b)
Start importing Assets/puzzels/Voxel_Environments/FBX/Materials/Treasure_A.mat using Guid(f8eb3ef69bf098b40a18c00913f8ec81) Importer(815301076,1909f56bfc062723c751e8b465ee728b)  -> (artifact id: '2dce84071f24d47d0866f037527f3b98') in 0.038402 seconds 
========================================================================
Received Import Request.
  Time since last request: 14.297089 seconds.
  path: Assets/puzzels/Voxel_Environments/Texture
  artifactKey: Guid(8723968088ec3c3479dbf8c7280f2b70) Importer(815301076,1909f56bfc062723c751e8b465ee728b)
Start importing Assets/puzzels/Voxel_Environments/Texture using Guid(8723968088ec3c3479dbf8c7280f2b70) Importer(815301076,1909f56bfc062723c751e8b465ee728b)  -> (artifact id: '4984054442647a27d811f0ece11a657a') in 0.004868 seconds 
========================================================================
Received Import Request.
  Time since last request: 0.274189 seconds.
  path: Assets/puzzels/Voxel_Environments/Texture/Ground_Grass_D.png
  artifactKey: Guid(1894d6c3d18b694469ef464c537a7a26) Importer(815301076,1909f56bfc062723c751e8b465ee728b)
Start importing Assets/puzzels/Voxel_Environments/Texture/Ground_Grass_D.png using Guid(1894d6c3d18b694469ef464c537a7a26) Importer(815301076,1909f56bfc062723c751e8b465ee728b)  -> (artifact id: '6b72a41f3d7d1b322c4cee5dc8a071e9') in 0.061619 seconds 
========================================================================
Received Import Request.
  Time since last request: 0.000027 seconds.
  path: Assets/puzzels/Voxel_Environments/Texture/Key_A.png
  artifactKey: Guid(6757c0cd6c42a9543a8974a013a5a54b) Importer(815301076,1909f56bfc062723c751e8b465ee728b)
Start importing Assets/puzzels/Voxel_Environments/Texture/Key_A.png using Guid(6757c0cd6c42a9543a8974a013a5a54b) Importer(815301076,1909f56bfc062723c751e8b465ee728b)  -> (artifact id: 'b2407b9aaa2aba0d041e003fa2bce598') in 0.046298 seconds 
========================================================================
Received Import Request.
  Time since last request: 0.004696 seconds.
  path: Assets/puzzels/Voxel_Environments/Texture/Ground_Sand_Mix_A.png
  artifactKey: Guid(9e395b6f66dda914e8e2d5d0ad2f7909) Importer(815301076,1909f56bfc062723c751e8b465ee728b)
Start importing Assets/puzzels/Voxel_Environments/Texture/Ground_Sand_Mix_A.png using Guid(9e395b6f66dda914e8e2d5d0ad2f7909) Importer(815301076,1909f56bfc062723c751e8b465ee728b)  -> (artifact id: 'ee3010891cf3293069ef81e85d43f491') in 0.020145 seconds 
========================================================================
Received Import Request.
  Time since last request: 0.000046 seconds.
  path: Assets/puzzels/Voxel_Environments/Texture/Ground_Sand_B.png
  artifactKey: Guid(4c5eb843e888e8744961bbae11ddf477) Importer(815301076,1909f56bfc062723c751e8b465ee728b)
Start importing Assets/puzzels/Voxel_Environments/Texture/Ground_Sand_B.png using Guid(4c5eb843e888e8744961bbae11ddf477) Importer(815301076,1909f56bfc062723c751e8b465ee728b)  -> (artifact id: 'fca8fd606a8e6534fc9af48ba7b04b40') in 0.040769 seconds 
========================================================================
Received Import Request.
  Time since last request: 0.000531 seconds.
  path: Assets/puzzels/Voxel_Environments/Texture/Treasure_A.png
  artifactKey: Guid(8c6184b75a4dfd043a55cc85a568d514) Importer(815301076,1909f56bfc062723c751e8b465ee728b)
Start importing Assets/puzzels/Voxel_Environments/Texture/Treasure_A.png using Guid(8c6184b75a4dfd043a55cc85a568d514) Importer(815301076,1909f56bfc062723c751e8b465ee728b)  -> (artifact id: '00a37f7a9e4614b9602f08908669b2f6') in 0.033569 seconds 
========================================================================
Received Import Request.
  Time since last request: 12.081571 seconds.
  path: Assets/RPG Monster Duo PBR Polyart
  artifactKey: Guid(322baf59c0b4d6b479b0fca7c98c4158) Importer(815301076,1909f56bfc062723c751e8b465ee728b)
Start importing Assets/RPG Monster Duo PBR Polyart using Guid(322baf59c0b4d6b479b0fca7c98c4158) Importer(815301076,1909f56bfc062723c751e8b465ee728b)  -> (artifact id: 'f010853f0434b21548ad14d52235d2c6') in 0.005216 seconds 
========================================================================
Received Import Request.
  Time since last request: 0.092514 seconds.
  path: Assets/RPG Monster Duo PBR Polyart/Promotion.jpg
  artifactKey: Guid(2a5a5f4f146cce3499cfcc7ee45b9b1a) Importer(815301076,1909f56bfc062723c751e8b465ee728b)
Start importing Assets/RPG Monster Duo PBR Polyart/Promotion.jpg using Guid(2a5a5f4f146cce3499cfcc7ee45b9b1a) Importer(815301076,1909f56bfc062723c751e8b465ee728b)  -> (artifact id: '26f9e4e9049d3916a43ab89698d5d952') in 0.033419 seconds 
========================================================================
Received Import Request.
  Time since last request: 0.912371 seconds.
  path: Assets/RPG Monster Duo PBR Polyart/Textures
  artifactKey: Guid(6840729219228ab4880b45e06d1e3211) Importer(815301076,1909f56bfc062723c751e8b465ee728b)
Start importing Assets/RPG Monster Duo PBR Polyart/Textures using Guid(6840729219228ab4880b45e06d1e3211) Importer(815301076,1909f56bfc062723c751e8b465ee728b)  -> (artifact id: 'b52ce322fd2ec474f1017aaf6bc60905') in 0.003986 seconds 
========================================================================
Received Import Request.
  Time since last request: 0.578965 seconds.
  path: Assets/RPG Monster Duo PBR Polyart/Scenes
  artifactKey: Guid(888452ece432d14439919ef99f656229) Importer(815301076,1909f56bfc062723c751e8b465ee728b)
Start importing Assets/RPG Monster Duo PBR Polyart/Scenes using Guid(888452ece432d14439919ef99f656229) Importer(815301076,1909f56bfc062723c751e8b465ee728b)  -> (artifact id: '8833dc38630eed0ac15770befae038cf') in 0.003739 seconds 
========================================================================
Received Import Request.
  Time since last request: 1.079253 seconds.
  path: Assets/RPG Monster Duo PBR Polyart/Textures/PBRSlimeAlbedo.png
  artifactKey: Guid(0f625c9ed25ed7c479d59c9a7e72177b) Importer(815301076,1909f56bfc062723c751e8b465ee728b)
Start importing Assets/RPG Monster Duo PBR Polyart/Textures/PBRSlimeAlbedo.png using Guid(0f625c9ed25ed7c479d59c9a7e72177b) Importer(815301076,1909f56bfc062723c751e8b465ee728b)  -> (artifact id: 'e86d8e13a04a68a2fd892a79bb8e0a3a') in 0.038483 seconds 
========================================================================
Received Import Request.
  Time since last request: 0.000480 seconds.
  path: Assets/RPG Monster Duo PBR Polyart/Textures/PolyartDefaultTex.png
  artifactKey: Guid(19bb4fe4d3f7dc640907e64ce8d1865c) Importer(815301076,1909f56bfc062723c751e8b465ee728b)
Start importing Assets/RPG Monster Duo PBR Polyart/Textures/PolyartDefaultTex.png using Guid(19bb4fe4d3f7dc640907e64ce8d1865c) Importer(815301076,1909f56bfc062723c751e8b465ee728b)  -> (artifact id: 'dcc60f79dad972800ca4d8efa4558735') in 0.035257 seconds 
========================================================================
Received Import Request.
  Time since last request: 0.000026 seconds.
  path: Assets/RPG Monster Duo PBR Polyart/Textures/PBRTurtleShellMetalicSmoothness.png
  artifactKey: Guid(7976e834fdd8a3a43843322f15ca5ffe) Importer(815301076,1909f56bfc062723c751e8b465ee728b)
Start importing Assets/RPG Monster Duo PBR Polyart/Textures/PBRTurtleShellMetalicSmoothness.png using Guid(7976e834fdd8a3a43843322f15ca5ffe) Importer(815301076,1909f56bfc062723c751e8b465ee728b)  -> (artifact id: '06b18ffc56ea79f649c37496dc9c15f5') in 0.034037 seconds 
========================================================================
Received Import Request.
  Time since last request: 16.861733 seconds.
  path: Assets/RPG Monster Duo PBR Polyart/Prefabs
  artifactKey: Guid(8127742742335384f97472bb26841d4c) Importer(815301076,1909f56bfc062723c751e8b465ee728b)
Start importing Assets/RPG Monster Duo PBR Polyart/Prefabs using Guid(8127742742335384f97472bb26841d4c) Importer(815301076,1909f56bfc062723c751e8b465ee728b)  -> (artifact id: 'b49c185d3bbe2f824ce20510970a30a7') in 0.008837 seconds 
========================================================================
Received Import Request.
  Time since last request: 0.079841 seconds.
  path: Assets/RPG Monster Duo PBR Polyart/Prefabs/Slime.prefab
  artifactKey: Guid(a817c29ea6847604bb2c6c51d9a74bf1) Importer(815301076,1909f56bfc062723c751e8b465ee728b)
Start importing Assets/RPG Monster Duo PBR Polyart/Prefabs/Slime.prefab using Guid(a817c29ea6847604bb2c6c51d9a74bf1) Importer(815301076,1909f56bfc062723c751e8b465ee728b)  -> (artifact id: 'f73d5b9e37d47be11c8ce7197b7af68b') in 0.044126 seconds 
========================================================================
Received Import Request.
  Time since last request: 3.743875 seconds.
  path: Assets/RPG Monster Duo PBR Polyart/Meshes
  artifactKey: Guid(206397375804bf34b866bcf1f881c950) Importer(815301076,1909f56bfc062723c751e8b465ee728b)
Start importing Assets/RPG Monster Duo PBR Polyart/Meshes using Guid(206397375804bf34b866bcf1f881c950) Importer(815301076,1909f56bfc062723c751e8b465ee728b)  -> (artifact id: 'ead839055930784255dfcc592dc60b94') in 0.010029 seconds 
========================================================================
Received Import Request.
  Time since last request: 0.082736 seconds.
  path: Assets/RPG Monster Duo PBR Polyart/Meshes/SlimeMesh.fbx
  artifactKey: Guid(1f499d0eded7a4245b0c36149a43da4f) Importer(815301076,1909f56bfc062723c751e8b465ee728b)
Start importing Assets/RPG Monster Duo PBR Polyart/Meshes/SlimeMesh.fbx using Guid(1f499d0eded7a4245b0c36149a43da4f) Importer(815301076,1909f56bfc062723c751e8b465ee728b)  -> (artifact id: 'ec78f425ba0167fa20d8dd4879703913') in 0.066757 seconds 
========================================================================
Received Import Request.
  Time since last request: 7.974857 seconds.
  path: Assets/RPG Monster Duo PBR Polyart/Animators
  artifactKey: Guid(af8440f9a15060a4480c02c3ab72ee6c) Importer(815301076,1909f56bfc062723c751e8b465ee728b)
Start importing Assets/RPG Monster Duo PBR Polyart/Animators using Guid(af8440f9a15060a4480c02c3ab72ee6c) Importer(815301076,1909f56bfc062723c751e8b465ee728b)  -> (artifact id: '836b18509e20da93b0c4fa77ea1d725f') in 0.005512 seconds 
========================================================================
Received Import Request.
  Time since last request: 1.266892 seconds.
  path: Assets/RPG Monster Duo PBR Polyart/Animators/Slime.controller
  artifactKey: Guid(fb53b4d3a4f06844c90da7297e9082de) Importer(815301076,1909f56bfc062723c751e8b465ee728b)
Start importing Assets/RPG Monster Duo PBR Polyart/Animators/Slime.controller using Guid(fb53b4d3a4f06844c90da7297e9082de) Importer(815301076,1909f56bfc062723c751e8b465ee728b)  -> (artifact id: 'a80c20e834fec8607f8cabdc93252c34') in 0.018397 seconds 
========================================================================
Received Import Request.
  Time since last request: 2.522412 seconds.
  path: Assets/RPG Monster Duo PBR Polyart/Animations
  artifactKey: Guid(389170da8f2a7b54fab118388ba480a6) Importer(815301076,1909f56bfc062723c751e8b465ee728b)
Start importing Assets/RPG Monster Duo PBR Polyart/Animations using Guid(389170da8f2a7b54fab118388ba480a6) Importer(815301076,1909f56bfc062723c751e8b465ee728b)  -> (artifact id: '87d5931bbf63d5ce53de04a14565d2d0') in 0.005010 seconds 
========================================================================
Received Import Request.
  Time since last request: 0.618397 seconds.
  path: Assets/RPG Monster Duo PBR Polyart/Animations/Slime
  artifactKey: Guid(10e0c415a9ecedd49a3d4d5e29395d96) Importer(815301076,1909f56bfc062723c751e8b465ee728b)
Start importing Assets/RPG Monster Duo PBR Polyart/Animations/Slime using Guid(10e0c415a9ecedd49a3d4d5e29395d96) Importer(815301076,1909f56bfc062723c751e8b465ee728b)  -> (artifact id: '2102aad8bbeef0aca06a00ad53cda075') in 0.004605 seconds 
========================================================================
Received Import Request.
  Time since last request: 7.518045 seconds.
  path: Assets/Seris_Voxel_Characters
  artifactKey: Guid(ff36375972e23b64b80d82d8e08b5e0f) Importer(815301076,1909f56bfc062723c751e8b465ee728b)
Start importing Assets/Seris_Voxel_Characters using Guid(ff36375972e23b64b80d82d8e08b5e0f) Importer(815301076,1909f56bfc062723c751e8b465ee728b)  -> (artifact id: '8723fc76ea10d8ef8f086ad092bf117b') in 0.012092 seconds 
========================================================================
Received Import Request.
  Time since last request: 0.852137 seconds.
  path: Assets/Seris_Voxel_Characters/Dragons
  artifactKey: Guid(5342b4cfc32ca784b8bc5db9d0493fc7) Importer(815301076,1909f56bfc062723c751e8b465ee728b)
Start importing Assets/Seris_Voxel_Characters/Dragons using Guid(5342b4cfc32ca784b8bc5db9d0493fc7) Importer(815301076,1909f56bfc062723c751e8b465ee728b)  -> (artifact id: '1824cc9d0499e0edb734521be17273eb') in 0.009188 seconds 
========================================================================
Received Import Request.
  Time since last request: 0.084404 seconds.
  path: Assets/Seris_Voxel_Characters/Dragons/Vox_Dragon_Normal.prefab
  artifactKey: Guid(489939eafa6439b41b2be82f493c9598) Importer(815301076,1909f56bfc062723c751e8b465ee728b)
Start importing Assets/Seris_Voxel_Characters/Dragons/Vox_Dragon_Normal.prefab using Guid(489939eafa6439b41b2be82f493c9598) Importer(815301076,1909f56bfc062723c751e8b465ee728b)  -> (artifact id: '397f6ad77d455fee60009802565de18d') in 0.093516 seconds 
========================================================================
Received Import Request.
  Time since last request: 1.520017 seconds.
  path: Assets/Seris_Voxel_Characters/Dragons/readme.txt
  artifactKey: Guid(4fb30f327c25a3044b6079c1ca6c7f53) Importer(815301076,1909f56bfc062723c751e8b465ee728b)
Start importing Assets/Seris_Voxel_Characters/Dragons/readme.txt using Guid(4fb30f327c25a3044b6079c1ca6c7f53) Importer(815301076,1909f56bfc062723c751e8b465ee728b)  -> (artifact id: '7ea187c852f100a0efb0ab2846221bb7') in 0.009653 seconds 
========================================================================
Received Import Request.
  Time since last request: 2.810157 seconds.
  path: Assets/Seris_Voxel_Characters/Sample_Scene
  artifactKey: Guid(73b6b2c2c40891e4b9fabee3746fcb8e) Importer(815301076,1909f56bfc062723c751e8b465ee728b)
Start importing Assets/Seris_Voxel_Characters/Sample_Scene using Guid(73b6b2c2c40891e4b9fabee3746fcb8e) Importer(815301076,1909f56bfc062723c751e8b465ee728b)  -> (artifact id: '2cc6a4d48888407c649012635f7ad5bd') in 0.010727 seconds 
========================================================================
Received Import Request.
  Time since last request: 0.084950 seconds.
  path: Assets/Seris_Voxel_Characters/Sample_Scene/plane_mat.mat
  artifactKey: Guid(943e15a30ca1af24cafaeb91553278de) Importer(815301076,1909f56bfc062723c751e8b465ee728b)
Start importing Assets/Seris_Voxel_Characters/Sample_Scene/plane_mat.mat using Guid(943e15a30ca1af24cafaeb91553278de) Importer(815301076,1909f56bfc062723c751e8b465ee728b)  -> (artifact id: '60a633098d66ce47d34a72b01e54b65a') in 0.028723 seconds 
========================================================================
Received Import Request.
  Time since last request: 4.131027 seconds.
  path: Assets/Seris_Voxel_Characters/Sample_Scene/Sample_scene.unity
  artifactKey: Guid(e03fbc0bebb6b5d4cb0802d69eab377b) Importer(815301076,1909f56bfc062723c751e8b465ee728b)
Start importing Assets/Seris_Voxel_Characters/Sample_Scene/Sample_scene.unity using Guid(e03fbc0bebb6b5d4cb0802d69eab377b) Importer(815301076,1909f56bfc062723c751e8b465ee728b)  -> (artifact id: '9f1a532e8271590e7c0db713f01c08b0') in 0.012159 seconds 
========================================================================
Received Import Request.
  Time since last request: 4.230589 seconds.
  path: Assets/Sounds
  artifactKey: Guid(1788ce343c2663b4ba0edf89dd14dea1) Importer(815301076,1909f56bfc062723c751e8b465ee728b)
Start importing Assets/Sounds using Guid(1788ce343c2663b4ba0edf89dd14dea1) Importer(815301076,1909f56bfc062723c751e8b465ee728b)  -> (artifact id: '3df1af60288965d5d16395c06f084d51') in 0.011042 seconds 
========================================================================
Received Import Request.
  Time since last request: 1.896910 seconds.
  path: Assets/Sounds/Music/30 Game Over.mp3
  artifactKey: Guid(81b0d38b8eeaa8b48ab899bfbbad84ee) Importer(815301076,1909f56bfc062723c751e8b465ee728b)
Start importing Assets/Sounds/Music/30 Game Over.mp3 using Guid(81b0d38b8eeaa8b48ab899bfbbad84ee) Importer(815301076,1909f56bfc062723c751e8b465ee728b)  -> (artifact id: 'bcc939ead409d9d1a132625d80558c86') in 0.066532 seconds 
========================================================================
Received Import Request.
  Time since last request: 7.362467 seconds.
  path: Assets/Sounds/Sounds/113_move 1.wav
  artifactKey: Guid(37a9a7cda76a47d4fb80d3826776da2b) Importer(815301076,1909f56bfc062723c751e8b465ee728b)
Start importing Assets/Sounds/Sounds/113_move 1.wav using Guid(37a9a7cda76a47d4fb80d3826776da2b) Importer(815301076,1909f56bfc062723c751e8b465ee728b)  -> (artifact id: 'cd1809811f73439b3fa6fbc68ad892a7') in 0.068067 seconds 
========================================================================
Received Import Request.
  Time since last request: 117.198290 seconds.
  path: Assets/StylizedHandPaintedDungeon(Free)/Demo
  artifactKey: Guid(9669ff7bf5e8fe546b575a798960b0dd) Importer(815301076,1909f56bfc062723c751e8b465ee728b)
Start importing Assets/StylizedHandPaintedDungeon(Free)/Demo using Guid(9669ff7bf5e8fe546b575a798960b0dd) Importer(815301076,1909f56bfc062723c751e8b465ee728b)  -> (artifact id: '2cd4e75705558fb428460a5da12e2ea8') in 0.012955 seconds 
========================================================================
Received Import Request.
  Time since last request: 0.875440 seconds.
  path: Assets/StylizedHandPaintedDungeon(Free)/Demo/Assets_Preview
  artifactKey: Guid(b2763044381781f4d88d7583ce7015d6) Importer(815301076,1909f56bfc062723c751e8b465ee728b)
Start importing Assets/StylizedHandPaintedDungeon(Free)/Demo/Assets_Preview using Guid(b2763044381781f4d88d7583ce7015d6) Importer(815301076,1909f56bfc062723c751e8b465ee728b)  -> (artifact id: '3f661f71ad208903c77f931fbe8f1879') in 0.010618 seconds 
========================================================================
Received Import Request.
  Time since last request: 0.766223 seconds.
  path: Assets/StylizedHandPaintedDungeon(Free)/Demo/Assets_Preview/Assets_Preview.unity
  artifactKey: Guid(6f93acd388e1d2549aa45617fe3f6ff1) Importer(815301076,1909f56bfc062723c751e8b465ee728b)
Start importing Assets/StylizedHandPaintedDungeon(Free)/Demo/Assets_Preview/Assets_Preview.unity using Guid(6f93acd388e1d2549aa45617fe3f6ff1) Importer(815301076,1909f56bfc062723c751e8b465ee728b)  -> (artifact id: 'e1ab1d415c7228e14e13c8fa81ac3884') in 0.010269 seconds 
========================================================================
Received Import Request.
  Time since last request: 3.057441 seconds.
  path: Assets/StylizedHandPaintedDungeon(Free)/Demo/Demo_Scene
  artifactKey: Guid(71c5b9e24fd2f654b8cf958e198a0df6) Importer(815301076,1909f56bfc062723c751e8b465ee728b)
Start importing Assets/StylizedHandPaintedDungeon(Free)/Demo/Demo_Scene using Guid(71c5b9e24fd2f654b8cf958e198a0df6) Importer(815301076,1909f56bfc062723c751e8b465ee728b)  -> (artifact id: 'a62f0aa966a2698ccbda602f93787370') in 0.020447 seconds 
========================================================================
Received Import Request.
  Time since last request: 0.522763 seconds.
  path: Assets/StylizedHandPaintedDungeon(Free)/Demo/Demo_Scene/Demo_Scene.unity
  artifactKey: Guid(1c6d75eaa80797041a20dd6a10c1f6d2) Importer(815301076,1909f56bfc062723c751e8b465ee728b)
Start importing Assets/StylizedHandPaintedDungeon(Free)/Demo/Demo_Scene/Demo_Scene.unity using Guid(1c6d75eaa80797041a20dd6a10c1f6d2) Importer(815301076,1909f56bfc062723c751e8b465ee728b)  -> (artifact id: '04a22c38d530ad20e149d23f605f1fb3') in 0.010611 seconds 
========================================================================
Received Import Request.
  Time since last request: 0.748941 seconds.
  path: Assets/StylizedHandPaintedDungeon(Free)/Demo/Demo_Scene/Demo_Scene
  artifactKey: Guid(96e2fd27c7677f740af43c2b41a0e643) Importer(815301076,1909f56bfc062723c751e8b465ee728b)
Start importing Assets/StylizedHandPaintedDungeon(Free)/Demo/Demo_Scene/Demo_Scene using Guid(96e2fd27c7677f740af43c2b41a0e643) Importer(815301076,1909f56bfc062723c751e8b465ee728b)  -> (artifact id: '152bedd9ecd98a9980288299edc0eab0') in 0.005135 seconds 
========================================================================
Received Import Request.
  Time since last request: 0.091512 seconds.
  path: Assets/StylizedHandPaintedDungeon(Free)/Demo/Demo_Scene/Demo_Scene/LightingData.asset
  artifactKey: Guid(a39fe0fef3aa42e40867a60c55b728bc) Importer(815301076,1909f56bfc062723c751e8b465ee728b)
Start importing Assets/StylizedHandPaintedDungeon(Free)/Demo/Demo_Scene/Demo_Scene/LightingData.asset using Guid(a39fe0fef3aa42e40867a60c55b728bc) Importer(815301076,1909f56bfc062723c751e8b465ee728b)  -> (artifact id: '2cca19f46508504fe3929481a5aa0af4') in 0.051557 seconds 
========================================================================
Received Import Request.
  Time since last request: 0.000029 seconds.
  path: Assets/StylizedHandPaintedDungeon(Free)/Demo/Demo_Scene/Demo_Scene/Lightmap-0_comp_light.exr
  artifactKey: Guid(9ce2a53ec0650564cb41c97217705c32) Importer(815301076,1909f56bfc062723c751e8b465ee728b)
Start importing Assets/StylizedHandPaintedDungeon(Free)/Demo/Demo_Scene/Demo_Scene/Lightmap-0_comp_light.exr using Guid(9ce2a53ec0650564cb41c97217705c32) Importer(815301076,1909f56bfc062723c751e8b465ee728b)  -> (artifact id: '88e637819f633e41edb8e25e591e5f30') in 0.071260 seconds 
========================================================================
Received Import Request.
  Time since last request: 2.470772 seconds.
  path: Assets/StylizedHandPaintedDungeon(Free)/Materials
  artifactKey: Guid(3439d4b01c88d534ba58886b46cca809) Importer(815301076,1909f56bfc062723c751e8b465ee728b)
Start importing Assets/StylizedHandPaintedDungeon(Free)/Materials using Guid(3439d4b01c88d534ba58886b46cca809) Importer(815301076,1909f56bfc062723c751e8b465ee728b)  -> (artifact id: '13e9dc5a8cf9353e27c05fd54054bd51') in 0.009537 seconds 
========================================================================
Received Import Request.
  Time since last request: 0.095856 seconds.
  path: Assets/StylizedHandPaintedDungeon(Free)/Materials/Dungeon_Mat_01.mat
  artifactKey: Guid(770d874acb2e37f4dbb0943d5ef8a660) Importer(815301076,1909f56bfc062723c751e8b465ee728b)
Start importing Assets/StylizedHandPaintedDungeon(Free)/Materials/Dungeon_Mat_01.mat using Guid(770d874acb2e37f4dbb0943d5ef8a660) Importer(815301076,1909f56bfc062723c751e8b465ee728b)  -> (artifact id: 'fdeac27bb38db30d732bfb8ef8e6c2df') in 0.024957 seconds 
========================================================================
Received Import Request.
  Time since last request: 1.785521 seconds.
  path: Assets/StylizedHandPaintedDungeon(Free)/Originals
  artifactKey: Guid(d5294b976d35e52409c2f08d3cc23786) Importer(815301076,1909f56bfc062723c751e8b465ee728b)
Start importing Assets/StylizedHandPaintedDungeon(Free)/Originals using Guid(d5294b976d35e52409c2f08d3cc23786) Importer(815301076,1909f56bfc062723c751e8b465ee728b)  -> (artifact id: '29e42a7a4c0b73e9b7cd388f1a3d9287') in 0.009052 seconds 
========================================================================
Received Import Request.
  Time since last request: 0.060544 seconds.
  path: Assets/StylizedHandPaintedDungeon(Free)/Originals/Door.fbx
  artifactKey: Guid(1fed90e8722c1334d9b51e0b56f26e4e) Importer(815301076,1909f56bfc062723c751e8b465ee728b)
Start importing Assets/StylizedHandPaintedDungeon(Free)/Originals/Door.fbx using Guid(1fed90e8722c1334d9b51e0b56f26e4e) Importer(815301076,1909f56bfc062723c751e8b465ee728b)  -> (artifact id: '48bd38a9148c781f9332193d6ffcbfb8') in 0.037140 seconds 
========================================================================
Received Import Request.
  Time since last request: 0.000037 seconds.
  path: Assets/StylizedHandPaintedDungeon(Free)/Originals/Lamp_02.fbx
  artifactKey: Guid(495bc5d65ef7c7a47b914d4dd69f0edf) Importer(815301076,1909f56bfc062723c751e8b465ee728b)
Start importing Assets/StylizedHandPaintedDungeon(Free)/Originals/Lamp_02.fbx using Guid(495bc5d65ef7c7a47b914d4dd69f0edf) Importer(815301076,1909f56bfc062723c751e8b465ee728b)  -> (artifact id: '775d2a74308788f32d0d95a79eacc470') in 0.047446 seconds 
========================================================================
Received Import Request.
  Time since last request: 0.000041 seconds.
  path: Assets/StylizedHandPaintedDungeon(Free)/Originals/Wall.fbx
  artifactKey: Guid(9c33f225c6ee98243a57390a7235bd50) Importer(815301076,1909f56bfc062723c751e8b465ee728b)
Start importing Assets/StylizedHandPaintedDungeon(Free)/Originals/Wall.fbx using Guid(9c33f225c6ee98243a57390a7235bd50) Importer(815301076,1909f56bfc062723c751e8b465ee728b)  -> (artifact id: 'b477d0187d20c33efedcc5480c831561') in 0.042944 seconds 
========================================================================
Received Import Request.
  Time since last request: 0.004124 seconds.
  path: Assets/StylizedHandPaintedDungeon(Free)/Originals/Lamp_01.fbx
  artifactKey: Guid(80f5a41c215b19a4096e40d8852a7562) Importer(815301076,1909f56bfc062723c751e8b465ee728b)
Start importing Assets/StylizedHandPaintedDungeon(Free)/Originals/Lamp_01.fbx using Guid(80f5a41c215b19a4096e40d8852a7562) Importer(815301076,1909f56bfc062723c751e8b465ee728b)  -> (artifact id: '9a3d7963814e820e4ac3d78207ef6f82') in 0.052092 seconds 
========================================================================
Received Import Request.
  Time since last request: 12.546019 seconds.
  path: Assets/StylizedHandPaintedDungeon(Free)/Prefabs/Lamp_01.prefab
  artifactKey: Guid(7c3ceb5b9a32b7a4a8d42d30223f3c9b) Importer(815301076,1909f56bfc062723c751e8b465ee728b)
Start importing Assets/StylizedHandPaintedDungeon(Free)/Prefabs/Lamp_01.prefab using Guid(7c3ceb5b9a32b7a4a8d42d30223f3c9b) Importer(815301076,1909f56bfc062723c751e8b465ee728b)  -> (artifact id: '8d9aa9cff469e77e4ab431f0da6719ec') in 0.005725 seconds 
========================================================================
Received Import Request.
  Time since last request: 5.103923 seconds.
  path: Assets/StylizedHandPaintedDungeon(Free)/Textures/Dungeon_02_Diffuse.tga
  artifactKey: Guid(2ad5769c41feb7749a077e020ed56acb) Importer(815301076,1909f56bfc062723c751e8b465ee728b)
Start importing Assets/StylizedHandPaintedDungeon(Free)/Textures/Dungeon_02_Diffuse.tga using Guid(2ad5769c41feb7749a077e020ed56acb) Importer(815301076,1909f56bfc062723c751e8b465ee728b)  -> (artifact id: '46eebc6251c4e46658980e60f07b91ec') in 0.048682 seconds 
========================================================================
Received Import Request.
  Time since last request: 47.641971 seconds.
  path: Assets/Terrain/Textures/Grass/Grass_lighted/Grass_lighted_left.png
  artifactKey: Guid(80d6d2d5125a9fa43999ca6f99876b08) Importer(815301076,1909f56bfc062723c751e8b465ee728b)
Start importing Assets/Terrain/Textures/Grass/Grass_lighted/Grass_lighted_left.png using Guid(80d6d2d5125a9fa43999ca6f99876b08) Importer(815301076,1909f56bfc062723c751e8b465ee728b)  -> (artifact id: '632ad3ae669d0b3ad16b4e2d244f3b33') in 0.044064 seconds 
========================================================================
Received Import Request.
  Time since last request: 0.000418 seconds.
  path: Assets/Terrain/Textures/Grass/Grass_lighted/Grass_lighted_up.png
  artifactKey: Guid(9273b0666f47d5e4e86165bf96cb7404) Importer(815301076,1909f56bfc062723c751e8b465ee728b)
Start importing Assets/Terrain/Textures/Grass/Grass_lighted/Grass_lighted_up.png using Guid(9273b0666f47d5e4e86165bf96cb7404) Importer(815301076,1909f56bfc062723c751e8b465ee728b)  -> (artifact id: '843093c9efba195c21feff6312597b93') in 0.045113 seconds 
========================================================================
Received Import Request.
  Time since last request: 5.841132 seconds.
  path: Assets/Terrain/Textures/Dirt/dirt_clay/dirt_clay_left.png
  artifactKey: Guid(a2631e95d102e9f4886ecf675ade77b1) Importer(815301076,1909f56bfc062723c751e8b465ee728b)
Start importing Assets/Terrain/Textures/Dirt/dirt_clay/dirt_clay_left.png using Guid(a2631e95d102e9f4886ecf675ade77b1) Importer(815301076,1909f56bfc062723c751e8b465ee728b)  -> (artifact id: 'e323959672ef17e312dfb0c91572b1f7') in 0.043994 seconds 
========================================================================
Received Import Request.
  Time since last request: 12.563045 seconds.
  path: Assets/TextMesh Pro/Examples & Extras/Fonts/Bangers.ttf
  artifactKey: Guid(5dd49b3eacc540408c98eee0de38e0f1) Importer(815301076,1909f56bfc062723c751e8b465ee728b)
Start importing Assets/TextMesh Pro/Examples & Extras/Fonts/Bangers.ttf using Guid(5dd49b3eacc540408c98eee0de38e0f1) Importer(815301076,1909f56bfc062723c751e8b465ee728b)  -> (artifact id: '8143402d22029970b128b219e5fbb318') in 0.041382 seconds 
========================================================================
Received Import Request.
  Time since last request: 0.000041 seconds.
  path: Assets/TextMesh Pro/Examples & Extras/Fonts/Oswald-Bold.ttf
  artifactKey: Guid(c9f6d0e7bc8541498c9a4799ba184ede) Importer(815301076,1909f56bfc062723c751e8b465ee728b)
Start importing Assets/TextMesh Pro/Examples & Extras/Fonts/Oswald-Bold.ttf using Guid(c9f6d0e7bc8541498c9a4799ba184ede) Importer(815301076,1909f56bfc062723c751e8b465ee728b)  -> (artifact id: '39c3c00bde79784904db8b54dfdfab1d') in 0.030551 seconds 
========================================================================
Received Import Request.
  Time since last request: 2.106607 seconds.
  path: Assets/TextMesh Pro/Examples & Extras/Prefabs/TextMeshPro - Prefab 1.prefab
  artifactKey: Guid(a6e39ced0ea046bcb636c3f0b2e2a745) Importer(815301076,1909f56bfc062723c751e8b465ee728b)
Start importing Assets/TextMesh Pro/Examples & Extras/Prefabs/TextMeshPro - Prefab 1.prefab using Guid(a6e39ced0ea046bcb636c3f0b2e2a745) Importer(815301076,1909f56bfc062723c751e8b465ee728b)  -> (artifact id: '857d00b92706dd12525e05ee0d147f27') in 0.090631 seconds 
========================================================================
Received Import Request.
  Time since last request: 21.684777 seconds.
  path: Assets/Weapons/Prefabs/Ax_01.prefab
  artifactKey: Guid(6cd1ac9652a50da4485a86492f47c63d) Importer(815301076,1909f56bfc062723c751e8b465ee728b)
Start importing Assets/Weapons/Prefabs/Ax_01.prefab using Guid(6cd1ac9652a50da4485a86492f47c63d) Importer(815301076,1909f56bfc062723c751e8b465ee728b)  -> (artifact id: '495d57db5d96e8d3911e7c0b222a0680') in 0.013396 seconds 
========================================================================
Received Import Request.
  Time since last request: 0.000049 seconds.
  path: Assets/Weapons/Prefabs/Hammer_01.prefab
  artifactKey: Guid(82f1e40c0cf7c5048a41bfa78b10c9d9) Importer(815301076,1909f56bfc062723c751e8b465ee728b)
Start importing Assets/Weapons/Prefabs/Hammer_01.prefab using Guid(82f1e40c0cf7c5048a41bfa78b10c9d9) Importer(815301076,1909f56bfc062723c751e8b465ee728b)  -> (artifact id: 'eefc42eec35218e22ea6122dbc983d1a') in 0.018465 seconds 
========================================================================
Received Import Request.
  Time since last request: 0.000114 seconds.
  path: Assets/Weapons/Prefabs/Shield_01.prefab
  artifactKey: Guid(637a26567ae08674796cb9ce5c55c4d8) Importer(815301076,1909f56bfc062723c751e8b465ee728b)
Start importing Assets/Weapons/Prefabs/Shield_01.prefab using Guid(637a26567ae08674796cb9ce5c55c4d8) Importer(815301076,1909f56bfc062723c751e8b465ee728b)  -> (artifact id: '3a333047dd89fa8ee16b478cc153df5f') in 0.010108 seconds 
========================================================================
Received Prepare
Registering precompiled user dll's ...
Registered in 0.020471 seconds.
Begin MonoManager ReloadAssembly
Symbol file LoadedFromMemory doesn't match image C:\Users\oriol\Documents\3D-GAME-VJ\3D-DOT-GAME-HEROES-VJ\Library\PackageCache\com.unity.visualscripting@1.7.8\Editor\VisualScripting.Core\Dependencies\YamlDotNet\Unity.VisualScripting.YamlDotNet.dll
Symbol file LoadedFromMemory doesn't match image C:\Users\oriol\Documents\3D-GAME-VJ\3D-DOT-GAME-HEROES-VJ\Library\PackageCache\com.unity.visualscripting@1.7.8\Editor\VisualScripting.Core\Dependencies\DotNetZip\Unity.VisualScripting.IonicZip.dll
Native extension for WindowsStandalone target not found
Native extension for WebGL target not found
Refreshing native plugins compatible for Editor in 1.16 ms, found 3 plugins.
Preloading 0 native plugins for Editor in 0.00 ms.
Mono: successfully reloaded assembly
- Completed reload, in  2.863 seconds
Domain Reload Profiling:
	ReloadAssembly (2864ms)
		BeginReloadAssembly (303ms)
			ExecutionOrderSort (0ms)
			DisableScriptedObjects (23ms)
			BackupInstance (0ms)
			ReleaseScriptingObjects (0ms)
			CreateAndSetChildDomain (106ms)
		EndReloadAssembly (2351ms)
			LoadAssemblies (164ms)
			RebuildTransferFunctionScriptingTraits (0ms)
			SetupTypeCache (594ms)
			ReleaseScriptCaches (3ms)
			RebuildScriptCaches (163ms)
			SetupLoadedEditorAssemblies (1231ms)
				LogAssemblyErrors (0ms)
				InitializePlatformSupportModulesInManaged (47ms)
				SetLoadedEditorAssemblies (2ms)
				RefreshPlugins (2ms)
				BeforeProcessingInitializeOnLoad (214ms)
				ProcessInitializeOnLoadAttributes (835ms)
				ProcessInitializeOnLoadMethodAttributes (106ms)
				AfterProcessingInitializeOnLoad (23ms)
				EditorAssembliesLoaded (0ms)
			ExecutionOrderSort2 (0ms)
			AwakeInstancesAfterBackupRestoration (20ms)
Platform modules already initialized, skipping
Refreshing native plugins compatible for Editor in 3.56 ms, found 3 plugins.
Preloading 0 native plugins for Editor in 0.00 ms.
Unloading 3893 Unused Serialized files (Serialized files now loaded: 0)
Unloading 24 unused Assets / (125.9 KB). Loaded Objects now: 4471.
Memory consumption went from 178.9 MB to 178.8 MB.
Total: 5.828700 ms (FindLiveObjects: 0.356000 ms CreateObjectMapping: 0.492500 ms MarkObjects: 4.832800 ms  DeleteObjects: 0.146100 ms)

AssetImportParameters requested are different than current active one (requested -> active):
  custom:video-decoder-ogg-theora: a1e56fd34408186e4bbccfd4996cb3dc -> 
  custom:container-muxer-webm: aa71ff27fc2769a1b78a27578f13a17b -> 
  custom:container-demuxer-webm: 4f35f7cbe854078d1ac9338744f61a02 -> 
  custom:video-encoder-webm-vp8: eb34c28f22e8b96e1ab97ce403110664 -> 
  custom:audio-encoder-webm-vorbis: bf7c407c2cedff20999df2af8eb42d56 -> 
  custom:framework-win-MediaFoundation: 216162199b28c13a410421893ffa2e32 -> 
  custom:container-demuxer-ogg: 62fdf1f143b41e24485cea50d1cbac27 -> 
  custom:video-decoder-webm-vp8: 9c59270c3fd7afecdb556c50c9e8de78 -> 
  custom:audio-decoder-ogg-vorbis: bf7c407c2cedff20999df2af8eb42d56 -> 
========================================================================
Received Prepare
Registering precompiled user dll's ...
Registered in 0.015423 seconds.
Begin MonoManager ReloadAssembly
Symbol file LoadedFromMemory doesn't match image C:\Users\oriol\Documents\3D-GAME-VJ\3D-DOT-GAME-HEROES-VJ\Library\PackageCache\com.unity.visualscripting@1.7.8\Editor\VisualScripting.Core\Dependencies\YamlDotNet\Unity.VisualScripting.YamlDotNet.dll
Symbol file LoadedFromMemory doesn't match image C:\Users\oriol\Documents\3D-GAME-VJ\3D-DOT-GAME-HEROES-VJ\Library\PackageCache\com.unity.visualscripting@1.7.8\Editor\VisualScripting.Core\Dependencies\DotNetZip\Unity.VisualScripting.IonicZip.dll
Native extension for WindowsStandalone target not found
Native extension for WebGL target not found
Refreshing native plugins compatible for Editor in 1.39 ms, found 3 plugins.
Preloading 0 native plugins for Editor in 0.00 ms.
Error saving file Library/StateCache/LayerSettings/9e/9ecc5c3c162a7aba29bafa64c8b94b7c.json. Error: System.IO.IOException: Sharing violation on path C:\Users\oriol\Documents\3D-GAME-VJ\3D-DOT-GAME-HEROES-VJ\Library\StateCache\LayerSettings\9e\9ecc5c3c162a7aba29bafa64c8b94b7c.json
  at System.IO.FileStream..ctor (System.String path, System.IO.FileMode mode, System.IO.FileAccess access, System.IO.FileShare share, System.Int32 bufferSize, System.Boolean anonymous, System.IO.FileOptions options) [0x0019e] in <c9d3ffd4b98649ee9989e1908eaca019>:0 
  at System.IO.FileStream..ctor (System.String path, System.IO.FileMode mode, System.IO.FileAccess access, System.IO.FileShare share, System.Int32 bufferSize, System.IO.FileOptions options) [0x00000] in <c9d3ffd4b98649ee9989e1908eaca019>:0 
  at (wrapper remoting-invoke-with-check) System.IO.FileStream..ctor(string,System.IO.FileMode,System.IO.FileAccess,System.IO.FileShare,int,System.IO.FileOptions)
  at System.IO.StreamWriter..ctor (System.String path, System.Boolean append, System.Text.Encoding encoding, System.Int32 bufferSize) [0x00055] in <c9d3ffd4b98649ee9989e1908eaca019>:0 
  at System.IO.StreamWriter..ctor (System.String path, System.Boolean append, System.Text.Encoding encoding) [0x00000] in <c9d3ffd4b98649ee9989e1908eaca019>:0 
  at (wrapper remoting-invoke-with-check) System.IO.StreamWriter..ctor(string,bool,System.Text.Encoding)
  at System.IO.File.WriteAllText (System.String path, System.String contents, System.Text.Encoding encoding) [0x00034] in <c9d3ffd4b98649ee9989e1908eaca019>:0 
  at UnityEditor.StateCache`1[T].SetState (UnityEngine.Hash128 key, T obj) [0x0004b] in <dc1a47a5816e4be7bc6817ee4d339e75>:0 
UnityEngine.StackTraceUtility:ExtractStackTrace ()
UnityEngine.DebugLogHandler:LogFormat (UnityEngine.LogType,UnityEngine.Object,string,object[])
UnityEngine.Logger:Log (UnityEngine.LogType,object)
UnityEngine.Debug:LogError (object)
UnityEditor.StateCache`1<UnityEditor.Tools/LayerSettings>:SetState (UnityEngine.Hash128,UnityEditor.Tools/LayerSettings)
UnityEditor.Tools:set_lockedLayers (int)
UnityEditor.Tools:OnEnable ()

Mono: successfully reloaded assembly
- Completed reload, in  2.073 seconds
Domain Reload Profiling:
	ReloadAssembly (2074ms)
		BeginReloadAssembly (468ms)
			ExecutionOrderSort (0ms)
			DisableScriptedObjects (8ms)
			BackupInstance (0ms)
			ReleaseScriptingObjects (0ms)
			CreateAndSetChildDomain (68ms)
		EndReloadAssembly (1360ms)
			LoadAssemblies (393ms)
			RebuildTransferFunctionScriptingTraits (0ms)
			SetupTypeCache (384ms)
			ReleaseScriptCaches (2ms)
			RebuildScriptCaches (68ms)
			SetupLoadedEditorAssemblies (675ms)
				LogAssemblyErrors (0ms)
				InitializePlatformSupportModulesInManaged (25ms)
				SetLoadedEditorAssemblies (1ms)
				RefreshPlugins (1ms)
				BeforeProcessingInitializeOnLoad (149ms)
				ProcessInitializeOnLoadAttributes (432ms)
				ProcessInitializeOnLoadMethodAttributes (52ms)
				AfterProcessingInitializeOnLoad (14ms)
				EditorAssembliesLoaded (0ms)
			ExecutionOrderSort2 (0ms)
			AwakeInstancesAfterBackupRestoration (28ms)
Platform modules already initialized, skipping
Refreshing native plugins compatible for Editor in 10.15 ms, found 3 plugins.
Preloading 0 native plugins for Editor in 0.00 ms.
Unloading 3892 Unused Serialized files (Serialized files now loaded: 0)
Unloading 25 unused Assets / (125.9 KB). Loaded Objects now: 4486.
Memory consumption went from 179.1 MB to 178.9 MB.
Total: 3.354000 ms (FindLiveObjects: 0.469600 ms CreateObjectMapping: 0.353700 ms MarkObjects: 2.420500 ms  DeleteObjects: 0.109200 ms)

AssetImportParameters requested are different than current active one (requested -> active):
  custom:video-decoder-ogg-theora: a1e56fd34408186e4bbccfd4996cb3dc -> 
  custom:container-muxer-webm: aa71ff27fc2769a1b78a27578f13a17b -> 
  custom:container-demuxer-webm: 4f35f7cbe854078d1ac9338744f61a02 -> 
  custom:video-encoder-webm-vp8: eb34c28f22e8b96e1ab97ce403110664 -> 
  custom:audio-encoder-webm-vorbis: bf7c407c2cedff20999df2af8eb42d56 -> 
  custom:framework-win-MediaFoundation: 216162199b28c13a410421893ffa2e32 -> 
  custom:container-demuxer-ogg: 62fdf1f143b41e24485cea50d1cbac27 -> 
  custom:video-decoder-webm-vp8: 9c59270c3fd7afecdb556c50c9e8de78 -> 
  custom:audio-decoder-ogg-vorbis: bf7c407c2cedff20999df2af8eb42d56 -> 
Editor requested this worker to shutdown with reason: Scaling down because of idle timeout
AssetImportWorker is now disconnected from the server
Process exiting
Exiting without the bug reporter. Application will terminate with return code 0