Using pre-set license
Built from '2021.3/staging' branch; Version is '2021.3.13f1 (9e7d58001ecf) revision 10386776'; Using compiler version '192829333'; Build Type 'Release'
OS: 'Windows 10  (10.0.19044) 64bit Core' Language: 'es' Physical Memory: 12188 MB
BatchMode: 1, IsHumanControllingUs: 0, StartBugReporterOnCrash: 0, Is64bit: 1, IsPro: 1

COMMAND LINE ARGUMENTS:
C:\Program Files\Unity\Hub\Editor\2021.3.13f1\Editor\Unity.exe
-adb2
-batchMode
-noUpm
-name
AssetImportWorker0
-projectPath
C:/Users/oriol/OneDrive/Documentos/3D-GAME-VJ/3D-DOT-GAME-HEROES-VJ
-logFile
Logs/AssetImportWorker0.log
-srvPort
50504
Successfully changed project path to: C:/Users/oriol/OneDrive/Documentos/3D-GAME-VJ/3D-DOT-GAME-HEROES-VJ
C:/Users/oriol/OneDrive/Documentos/3D-GAME-VJ/3D-DOT-GAME-HEROES-VJ
[UnityMemory] Configuration Parameters - Can be set up in boot.config
    "memorysetup-bucket-allocator-granularity=16"
    "memorysetup-bucket-allocator-bucket-count=8"
    "memorysetup-bucket-allocator-block-size=33554432"
    "memorysetup-bucket-allocator-block-count=8"
    "memorysetup-main-allocator-block-size=16777216"
    "memorysetup-thread-allocator-block-size=16777216"
    "memorysetup-gfx-main-allocator-block-size=16777216"
    "memorysetup-gfx-thread-allocator-block-size=16777216"
    "memorysetup-cache-allocator-block-size=4194304"
    "memorysetup-typetree-allocator-block-size=2097152"
    "memorysetup-profiler-bucket-allocator-granularity=16"
    "memorysetup-profiler-bucket-allocator-bucket-count=8"
    "memorysetup-profiler-bucket-allocator-block-size=33554432"
    "memorysetup-profiler-bucket-allocator-block-count=8"
    "memorysetup-profiler-allocator-block-size=16777216"
    "memorysetup-profiler-editor-allocator-block-size=1048576"
    "memorysetup-temp-allocator-size-main=16777216"
    "memorysetup-job-temp-allocator-block-size=2097152"
    "memorysetup-job-temp-allocator-block-size-background=1048576"
    "memorysetup-job-temp-allocator-reduction-small-platforms=262144"
    "memorysetup-temp-allocator-size-background-worker=32768"
    "memorysetup-temp-allocator-size-job-worker=262144"
    "memorysetup-temp-allocator-size-preload-manager=33554432"
    "memorysetup-temp-allocator-size-nav-mesh-worker=65536"
    "memorysetup-temp-allocator-size-audio-worker=65536"
    "memorysetup-temp-allocator-size-cloud-worker=32768"
    "memorysetup-temp-allocator-size-gi-baking-worker=262144"
    "memorysetup-temp-allocator-size-gfx=262144"
Refreshing native plugins compatible for Editor in 210.86 ms, found 3 plugins.
Preloading 0 native plugins for Editor in 0.00 ms.
Initialize engine version: 2021.3.13f1 (9e7d58001ecf)
[Subsystems] Discovering subsystems at path C:/Program Files/Unity/Hub/Editor/2021.3.13f1/Editor/Data/Resources/UnitySubsystems
[Subsystems] Discovering subsystems at path C:/Users/oriol/OneDrive/Documentos/3D-GAME-VJ/3D-DOT-GAME-HEROES-VJ/Assets
GfxDevice: creating device client; threaded=0; jobified=0
Direct3D:
    Version:  Direct3D 11.0 [level 11.0]
    Renderer: NVIDIA GeForce 920MX (ID=0x134f)
    Vendor:   NVIDIA
    VRAM:     2020 MB
    Driver:   22.21.13.8264
Initialize mono
Mono path[0] = 'C:/Program Files/Unity/Hub/Editor/2021.3.13f1/Editor/Data/Managed'
Mono path[1] = 'C:/Program Files/Unity/Hub/Editor/2021.3.13f1/Editor/Data/MonoBleedingEdge/lib/mono/unityjit-win32'
Mono config path = 'C:/Program Files/Unity/Hub/Editor/2021.3.13f1/Editor/Data/MonoBleedingEdge/etc'
Using monoOptions --debugger-agent=transport=dt_socket,embedding=1,server=y,suspend=n,address=127.0.0.1:56168
Begin MonoManager ReloadAssembly
Registering precompiled unity dll's ...
Register platform support module: C:/Program Files/Unity/Hub/Editor/2021.3.13f1/Editor/Data/PlaybackEngines/WebGLSupport/UnityEditor.WebGL.Extensions.dll
Register platform support module: C:/Program Files/Unity/Hub/Editor/2021.3.13f1/Editor/Data/PlaybackEngines/WindowsStandaloneSupport/UnityEditor.WindowsStandalone.Extensions.dll
Registered in 0.024950 seconds.
Native extension for WindowsStandalone target not found
Native extension for WebGL target not found
Refreshing native plugins compatible for Editor in 204.83 ms, found 3 plugins.
Preloading 0 native plugins for Editor in 0.00 ms.
Mono: successfully reloaded assembly
- Completed reload, in  1.857 seconds
Domain Reload Profiling:
	ReloadAssembly (1858ms)
		BeginReloadAssembly (187ms)
			ExecutionOrderSort (0ms)
			DisableScriptedObjects (0ms)
			BackupInstance (0ms)
			ReleaseScriptingObjects (0ms)
			CreateAndSetChildDomain (2ms)
		EndReloadAssembly (1315ms)
			LoadAssemblies (182ms)
			RebuildTransferFunctionScriptingTraits (0ms)
			SetupTypeCache (301ms)
			ReleaseScriptCaches (0ms)
			RebuildScriptCaches (65ms)
			SetupLoadedEditorAssemblies (771ms)
				LogAssemblyErrors (0ms)
				InitializePlatformSupportModulesInManaged (21ms)
				SetLoadedEditorAssemblies (0ms)
				RefreshPlugins (205ms)
				BeforeProcessingInitializeOnLoad (3ms)
				ProcessInitializeOnLoadAttributes (383ms)
				ProcessInitializeOnLoadMethodAttributes (158ms)
				AfterProcessingInitializeOnLoad (0ms)
				EditorAssembliesLoaded (1ms)
			ExecutionOrderSort2 (0ms)
			AwakeInstancesAfterBackupRestoration (0ms)
Platform modules already initialized, skipping
Registering precompiled user dll's ...
Registered in 0.018517 seconds.
Begin MonoManager ReloadAssembly
Symbol file LoadedFromMemory doesn't match image C:\Users\oriol\OneDrive\Documentos\3D-GAME-VJ\3D-DOT-GAME-HEROES-VJ\Library\PackageCache\com.unity.visualscripting@1.7.8\Editor\VisualScripting.Core\Dependencies\YamlDotNet\Unity.VisualScripting.YamlDotNet.dll
Symbol file LoadedFromMemory doesn't match image C:\Users\oriol\OneDrive\Documentos\3D-GAME-VJ\3D-DOT-GAME-HEROES-VJ\Library\PackageCache\com.unity.visualscripting@1.7.8\Editor\VisualScripting.Core\Dependencies\DotNetZip\Unity.VisualScripting.IonicZip.dll
Native extension for WindowsStandalone target not found
Native extension for WebGL target not found
Refreshing native plugins compatible for Editor in 1.26 ms, found 3 plugins.
Preloading 0 native plugins for Editor in 0.00 ms.
Mono: successfully reloaded assembly
- Completed reload, in  3.912 seconds
Domain Reload Profiling:
	ReloadAssembly (3914ms)
		BeginReloadAssembly (283ms)
			ExecutionOrderSort (0ms)
			DisableScriptedObjects (13ms)
			BackupInstance (0ms)
			ReleaseScriptingObjects (0ms)
			CreateAndSetChildDomain (65ms)
		EndReloadAssembly (3248ms)
			LoadAssemblies (182ms)
			RebuildTransferFunctionScriptingTraits (0ms)
			SetupTypeCache (661ms)
			ReleaseScriptCaches (1ms)
			RebuildScriptCaches (337ms)
			SetupLoadedEditorAssemblies (1645ms)
				LogAssemblyErrors (0ms)
				InitializePlatformSupportModulesInManaged (19ms)
				SetLoadedEditorAssemblies (1ms)
				RefreshPlugins (1ms)
				BeforeProcessingInitializeOnLoad (378ms)
				ProcessInitializeOnLoadAttributes (978ms)
				ProcessInitializeOnLoadMethodAttributes (244ms)
				AfterProcessingInitializeOnLoad (24ms)
				EditorAssembliesLoaded (0ms)
			ExecutionOrderSort2 (0ms)
			AwakeInstancesAfterBackupRestoration (44ms)
Platform modules already initialized, skipping
========================================================================
Worker process is ready to serve import requests
Launched and connected shader compiler UnityShaderCompiler.exe after 0.11 seconds
Refreshing native plugins compatible for Editor in 1.22 ms, found 3 plugins.
Preloading 0 native plugins for Editor in 0.00 ms.
Unloading 3452 Unused Serialized files (Serialized files now loaded: 0)
Unloading 37 unused Assets / (133.2 KB). Loaded Objects now: 3935.
Memory consumption went from 136.3 MB to 136.2 MB.
Total: 8.000600 ms (FindLiveObjects: 0.464100 ms CreateObjectMapping: 0.360200 ms MarkObjects: 6.888300 ms  DeleteObjects: 0.285900 ms)

AssetImportParameters requested are different than current active one (requested -> active):
  custom:video-decoder-ogg-theora: a1e56fd34408186e4bbccfd4996cb3dc -> 
  custom:container-muxer-webm: aa71ff27fc2769a1b78a27578f13a17b -> 
  custom:container-demuxer-webm: 4f35f7cbe854078d1ac9338744f61a02 -> 
  custom:video-encoder-webm-vp8: eb34c28f22e8b96e1ab97ce403110664 -> 
  custom:audio-encoder-webm-vorbis: bf7c407c2cedff20999df2af8eb42d56 -> 
  custom:framework-win-MediaFoundation: 216162199b28c13a410421893ffa2e32 -> 
  custom:container-demuxer-ogg: 62fdf1f143b41e24485cea50d1cbac27 -> 
  custom:video-decoder-webm-vp8: 9c59270c3fd7afecdb556c50c9e8de78 -> 
  custom:audio-decoder-ogg-vorbis: bf7c407c2cedff20999df2af8eb42d56 -> 
========================================================================
Received Prepare
Registering precompiled user dll's ...
Registered in 0.043702 seconds.
Begin MonoManager ReloadAssembly
Symbol file LoadedFromMemory doesn't match image C:\Users\oriol\OneDrive\Documentos\3D-GAME-VJ\3D-DOT-GAME-HEROES-VJ\Library\PackageCache\com.unity.visualscripting@1.7.8\Editor\VisualScripting.Core\Dependencies\YamlDotNet\Unity.VisualScripting.YamlDotNet.dll
Symbol file LoadedFromMemory doesn't match image C:\Users\oriol\OneDrive\Documentos\3D-GAME-VJ\3D-DOT-GAME-HEROES-VJ\Library\PackageCache\com.unity.visualscripting@1.7.8\Editor\VisualScripting.Core\Dependencies\DotNetZip\Unity.VisualScripting.IonicZip.dll
Native extension for WindowsStandalone target not found
Native extension for WebGL target not found
Refreshing native plugins compatible for Editor in 1.44 ms, found 3 plugins.
Preloading 0 native plugins for Editor in 0.00 ms.
Mono: successfully reloaded assembly
- Completed reload, in  4.637 seconds
Domain Reload Profiling:
	ReloadAssembly (4638ms)
		BeginReloadAssembly (423ms)
			ExecutionOrderSort (0ms)
			DisableScriptedObjects (9ms)
			BackupInstance (0ms)
			ReleaseScriptingObjects (0ms)
			CreateAndSetChildDomain (99ms)
		EndReloadAssembly (3674ms)
			LoadAssemblies (319ms)
			RebuildTransferFunctionScriptingTraits (0ms)
			SetupTypeCache (1070ms)
			ReleaseScriptCaches (3ms)
			RebuildScriptCaches (178ms)
			SetupLoadedEditorAssemblies (1935ms)
				LogAssemblyErrors (0ms)
				InitializePlatformSupportModulesInManaged (76ms)
				SetLoadedEditorAssemblies (5ms)
				RefreshPlugins (2ms)
				BeforeProcessingInitializeOnLoad (277ms)
				ProcessInitializeOnLoadAttributes (1221ms)
				ProcessInitializeOnLoadMethodAttributes (309ms)
				AfterProcessingInitializeOnLoad (46ms)
				EditorAssembliesLoaded (0ms)
			ExecutionOrderSort2 (0ms)
			AwakeInstancesAfterBackupRestoration (50ms)
Platform modules already initialized, skipping
Refreshing native plugins compatible for Editor in 8.53 ms, found 3 plugins.
Preloading 0 native plugins for Editor in 0.00 ms.
Unloading 3434 Unused Serialized files (Serialized files now loaded: 0)
Unloading 19 unused Assets / (125.9 KB). Loaded Objects now: 3950.
Memory consumption went from 135.0 MB to 134.9 MB.
Total: 9.333800 ms (FindLiveObjects: 0.457500 ms CreateObjectMapping: 0.354200 ms MarkObjects: 8.164400 ms  DeleteObjects: 0.356000 ms)

AssetImportParameters requested are different than current active one (requested -> active):
  custom:video-decoder-ogg-theora: a1e56fd34408186e4bbccfd4996cb3dc -> 
  custom:container-muxer-webm: aa71ff27fc2769a1b78a27578f13a17b -> 
  custom:container-demuxer-webm: 4f35f7cbe854078d1ac9338744f61a02 -> 
  custom:video-encoder-webm-vp8: eb34c28f22e8b96e1ab97ce403110664 -> 
  custom:audio-encoder-webm-vorbis: bf7c407c2cedff20999df2af8eb42d56 -> 
  custom:framework-win-MediaFoundation: 216162199b28c13a410421893ffa2e32 -> 
  custom:container-demuxer-ogg: 62fdf1f143b41e24485cea50d1cbac27 -> 
  custom:video-decoder-webm-vp8: 9c59270c3fd7afecdb556c50c9e8de78 -> 
  custom:audio-decoder-ogg-vorbis: bf7c407c2cedff20999df2af8eb42d56 -> 
========================================================================
Received Import Request.
  Time since last request: 1213849.485438 seconds.
  path: Assets/VoxelLink.png
  artifactKey: Guid(8adfa0af6a7a68441bf8d45a4dabd06b) Importer(815301076,1909f56bfc062723c751e8b465ee728b)
Start importing Assets/VoxelLink.png using Guid(8adfa0af6a7a68441bf8d45a4dabd06b) Importer(815301076,1909f56bfc062723c751e8b465ee728b)  -> (artifact id: '9f8bae76d1ba69e9cd25be34f980b614') in 0.493220 seconds 
========================================================================
Received Import Request.
  Time since last request: 0.000041 seconds.
  path: Assets/NewLayer 1.terrainlayer
  artifactKey: Guid(7f74409eab914e945a0492e1a3e82b6e) Importer(815301076,1909f56bfc062723c751e8b465ee728b)
Start importing Assets/NewLayer 1.terrainlayer using Guid(7f74409eab914e945a0492e1a3e82b6e) Importer(815301076,1909f56bfc062723c751e8b465ee728b)  -> (artifact id: '300694339d78b6c070b9f0d2161271ff') in 0.407958 seconds 
========================================================================
Received Import Request.
  Time since last request: 0.000356 seconds.
  path: Assets/New Prefab.prefab
  artifactKey: Guid(c69e75472fd239f4d94d8882f150712d) Importer(815301076,1909f56bfc062723c751e8b465ee728b)
Start importing Assets/New Prefab.prefab using Guid(c69e75472fd239f4d94d8882f150712d) Importer(815301076,1909f56bfc062723c751e8b465ee728b)  -> (artifact id: '69e9529a212e37f4a494a2fbc002224e') in 0.087179 seconds 
========================================================================
Received Import Request.
  Time since last request: 0.001664 seconds.
  path: Assets/link.mat
  artifactKey: Guid(8eabd636e5c51874e82347b54882f8fb) Importer(815301076,1909f56bfc062723c751e8b465ee728b)
Start importing Assets/link.mat using Guid(8eabd636e5c51874e82347b54882f8fb) Importer(815301076,1909f56bfc062723c751e8b465ee728b)  -> (artifact id: 'aa05489af228c82b4ecdc537296a7e3c') in 0.216730 seconds 
========================================================================
Received Prepare
Registering precompiled user dll's ...
Registered in 0.013702 seconds.
Begin MonoManager ReloadAssembly
Symbol file LoadedFromMemory doesn't match image C:\Users\oriol\OneDrive\Documentos\3D-GAME-VJ\3D-DOT-GAME-HEROES-VJ\Library\PackageCache\com.unity.visualscripting@1.7.8\Editor\VisualScripting.Core\Dependencies\YamlDotNet\Unity.VisualScripting.YamlDotNet.dll
Symbol file LoadedFromMemory doesn't match image C:\Users\oriol\OneDrive\Documentos\3D-GAME-VJ\3D-DOT-GAME-HEROES-VJ\Library\PackageCache\com.unity.visualscripting@1.7.8\Editor\VisualScripting.Core\Dependencies\DotNetZip\Unity.VisualScripting.IonicZip.dll
Native extension for WindowsStandalone target not found
Native extension for WebGL target not found
Refreshing native plugins compatible for Editor in 2.67 ms, found 3 plugins.
Preloading 0 native plugins for Editor in 0.00 ms.
Mono: successfully reloaded assembly
- Completed reload, in  3.755 seconds
Domain Reload Profiling:
	ReloadAssembly (3756ms)
		BeginReloadAssembly (325ms)
			ExecutionOrderSort (0ms)
			DisableScriptedObjects (10ms)
			BackupInstance (0ms)
			ReleaseScriptingObjects (0ms)
			CreateAndSetChildDomain (85ms)
		EndReloadAssembly (3099ms)
			LoadAssemblies (188ms)
			RebuildTransferFunctionScriptingTraits (0ms)
			SetupTypeCache (958ms)
			ReleaseScriptCaches (5ms)
			RebuildScriptCaches (191ms)
			SetupLoadedEditorAssemblies (1470ms)
				LogAssemblyErrors (0ms)
				InitializePlatformSupportModulesInManaged (58ms)
				SetLoadedEditorAssemblies (3ms)
				RefreshPlugins (5ms)
				BeforeProcessingInitializeOnLoad (261ms)
				ProcessInitializeOnLoadAttributes (971ms)
				ProcessInitializeOnLoadMethodAttributes (132ms)
				AfterProcessingInitializeOnLoad (39ms)
				EditorAssembliesLoaded (1ms)
			ExecutionOrderSort2 (0ms)
			AwakeInstancesAfterBackupRestoration (27ms)
Platform modules already initialized, skipping
Refreshing native plugins compatible for Editor in 4.68 ms, found 3 plugins.
Preloading 0 native plugins for Editor in 0.00 ms.
Unloading 3434 Unused Serialized files (Serialized files now loaded: 0)
Unloading 19 unused Assets / (126.0 KB). Loaded Objects now: 4011.
Memory consumption went from 139.6 MB to 139.5 MB.
Total: 15.295000 ms (FindLiveObjects: 0.637500 ms CreateObjectMapping: 0.433500 ms MarkObjects: 14.064200 ms  DeleteObjects: 0.158100 ms)

AssetImportParameters requested are different than current active one (requested -> active):
  custom:video-decoder-ogg-theora: a1e56fd34408186e4bbccfd4996cb3dc -> 
  custom:container-muxer-webm: aa71ff27fc2769a1b78a27578f13a17b -> 
  custom:container-demuxer-webm: 4f35f7cbe854078d1ac9338744f61a02 -> 
  custom:video-encoder-webm-vp8: eb34c28f22e8b96e1ab97ce403110664 -> 
  custom:audio-encoder-webm-vorbis: bf7c407c2cedff20999df2af8eb42d56 -> 
  custom:framework-win-MediaFoundation: 216162199b28c13a410421893ffa2e32 -> 
  custom:container-demuxer-ogg: 62fdf1f143b41e24485cea50d1cbac27 -> 
  custom:video-decoder-webm-vp8: 9c59270c3fd7afecdb556c50c9e8de78 -> 
  custom:audio-decoder-ogg-vorbis: bf7c407c2cedff20999df2af8eb42d56 -> 
========================================================================
Received Import Request.
  Time since last request: 348.756971 seconds.
  path: Assets/puzzels/Voxel_Environments/Prefab/Ground_Sand_B.prefab
  artifactKey: Guid(f5f85bd190d8dfa4c83d942e341fe8ff) Importer(815301076,1909f56bfc062723c751e8b465ee728b)
Start importing Assets/puzzels/Voxel_Environments/Prefab/Ground_Sand_B.prefab using Guid(f5f85bd190d8dfa4c83d942e341fe8ff) Importer(815301076,1909f56bfc062723c751e8b465ee728b)  -> (artifact id: 'a639a8ee27b2151e2890545b07ab0101') in 0.288433 seconds 
========================================================================
Received Import Request.
  Time since last request: 0.000035 seconds.
  path: Assets/puzzels/Voxel_Environments/Prefab/Water_A.prefab
  artifactKey: Guid(ee6a15d16bebe6b42bc4492ad45c51e8) Importer(815301076,1909f56bfc062723c751e8b465ee728b)
Start importing Assets/puzzels/Voxel_Environments/Prefab/Water_A.prefab using Guid(ee6a15d16bebe6b42bc4492ad45c51e8) Importer(815301076,1909f56bfc062723c751e8b465ee728b)  -> (artifact id: 'dfbe051d7449990648470b26cebed2cb') in 0.065859 seconds 
========================================================================
Received Import Request.
  Time since last request: 0.005232 seconds.
  path: Assets/puzzels/Voxel_Environments/Prefab/Ground_Sand_Mix_A.prefab
  artifactKey: Guid(3fc1f305f012344469d45281f7aafc23) Importer(815301076,1909f56bfc062723c751e8b465ee728b)
Start importing Assets/puzzels/Voxel_Environments/Prefab/Ground_Sand_Mix_A.prefab using Guid(3fc1f305f012344469d45281f7aafc23) Importer(815301076,1909f56bfc062723c751e8b465ee728b)  -> (artifact id: '69f2d300b0562d4dadef838795f9d3ad') in 0.067495 seconds 
========================================================================
Received Import Request.
  Time since last request: 0.000306 seconds.
  path: Assets/puzzels/Voxel_Environments/Prefab/Ground_Sand_C.prefab
  artifactKey: Guid(2f8326d62cb98d949ba2a8aa575db5f7) Importer(815301076,1909f56bfc062723c751e8b465ee728b)
Start importing Assets/puzzels/Voxel_Environments/Prefab/Ground_Sand_C.prefab using Guid(2f8326d62cb98d949ba2a8aa575db5f7) Importer(815301076,1909f56bfc062723c751e8b465ee728b)  -> (artifact id: '6fe70fe3e7f43499498b44f6cd68d688') in 0.045199 seconds 
========================================================================
Received Import Request.
  Time since last request: 0.001537 seconds.
  path: Assets/puzzels/Voxel_Environments/Prefab/Ground_Sand_Mix_B.prefab
  artifactKey: Guid(18b0cd2edcb5cb543983440e89b68a35) Importer(815301076,1909f56bfc062723c751e8b465ee728b)
Start importing Assets/puzzels/Voxel_Environments/Prefab/Ground_Sand_Mix_B.prefab using Guid(18b0cd2edcb5cb543983440e89b68a35) Importer(815301076,1909f56bfc062723c751e8b465ee728b)  -> (artifact id: '70ad8bf1b29402b3f5cf6d0ad8c20c2e') in 0.051537 seconds 
========================================================================
Received Import Request.
  Time since last request: 0.008207 seconds.
  path: Assets/puzzels/Voxel_Environments/Prefab/Treasure_A.prefab
  artifactKey: Guid(f8208361fc863b546a509cfc71447d71) Importer(815301076,1909f56bfc062723c751e8b465ee728b)
Start importing Assets/puzzels/Voxel_Environments/Prefab/Treasure_A.prefab using Guid(f8208361fc863b546a509cfc71447d71) Importer(815301076,1909f56bfc062723c751e8b465ee728b)  -> (artifact id: '998f04801529616b8694e6aa9960c481') in 0.050592 seconds 
Editor requested this worker to shutdown with reason: Scaling down because of idle timeout
AssetImportWorker is now disconnected from the server
Process exiting
Exiting without the bug reporter. Application will terminate with return code 0