Using pre-set license
Built from '2021.3/staging' branch; Version is '2021.3.13f1 (9e7d58001ecf) revision 10386776'; Using compiler version '192829333'; Build Type 'Release'
OS: 'Windows 10  (10.0.19044) 64bit Core' Language: 'es' Physical Memory: 12188 MB
BatchMode: 1, IsHumanControllingUs: 0, StartBugReporterOnCrash: 0, Is64bit: 1, IsPro: 1

COMMAND LINE ARGUMENTS:
C:\Program Files\Unity\Hub\Editor\2021.3.13f1\Editor\Unity.exe
-adb2
-batchMode
-noUpm
-name
AssetImportWorker4
-projectPath
C:/Users/oriol/Documents/3D-GAME-VJ/3D-DOT-GAME-HEROES-VJ
-logFile
Logs/AssetImportWorker4.log
-srvPort
54740
Successfully changed project path to: C:/Users/oriol/Documents/3D-GAME-VJ/3D-DOT-GAME-HEROES-VJ
C:/Users/oriol/Documents/3D-GAME-VJ/3D-DOT-GAME-HEROES-VJ
[UnityMemory] Configuration Parameters - Can be set up in boot.config
    "memorysetup-bucket-allocator-granularity=16"
    "memorysetup-bucket-allocator-bucket-count=8"
    "memorysetup-bucket-allocator-block-size=33554432"
    "memorysetup-bucket-allocator-block-count=8"
    "memorysetup-main-allocator-block-size=16777216"
    "memorysetup-thread-allocator-block-size=16777216"
    "memorysetup-gfx-main-allocator-block-size=16777216"
    "memorysetup-gfx-thread-allocator-block-size=16777216"
    "memorysetup-cache-allocator-block-size=4194304"
    "memorysetup-typetree-allocator-block-size=2097152"
    "memorysetup-profiler-bucket-allocator-granularity=16"
    "memorysetup-profiler-bucket-allocator-bucket-count=8"
    "memorysetup-profiler-bucket-allocator-block-size=33554432"
    "memorysetup-profiler-bucket-allocator-block-count=8"
    "memorysetup-profiler-allocator-block-size=16777216"
    "memorysetup-profiler-editor-allocator-block-size=1048576"
    "memorysetup-temp-allocator-size-main=16777216"
    "memorysetup-job-temp-allocator-block-size=2097152"
    "memorysetup-job-temp-allocator-block-size-background=1048576"
    "memorysetup-job-temp-allocator-reduction-small-platforms=262144"
    "memorysetup-temp-allocator-size-background-worker=32768"
    "memorysetup-temp-allocator-size-job-worker=262144"
    "memorysetup-temp-allocator-size-preload-manager=33554432"
    "memorysetup-temp-allocator-size-nav-mesh-worker=65536"
    "memorysetup-temp-allocator-size-audio-worker=65536"
    "memorysetup-temp-allocator-size-cloud-worker=32768"
    "memorysetup-temp-allocator-size-gi-baking-worker=262144"
    "memorysetup-temp-allocator-size-gfx=262144"
Refreshing native plugins compatible for Editor in 128.36 ms, found 3 plugins.
Preloading 0 native plugins for Editor in 0.00 ms.
Initialize engine version: 2021.3.13f1 (9e7d58001ecf)
[Subsystems] Discovering subsystems at path C:/Program Files/Unity/Hub/Editor/2021.3.13f1/Editor/Data/Resources/UnitySubsystems
[Subsystems] Discovering subsystems at path C:/Users/oriol/Documents/3D-GAME-VJ/3D-DOT-GAME-HEROES-VJ/Assets
GfxDevice: creating device client; threaded=0; jobified=0
Direct3D:
    Version:  Direct3D 11.0 [level 11.0]
    Renderer: NVIDIA GeForce 920MX (ID=0x134f)
    Vendor:   NVIDIA
    VRAM:     2020 MB
    Driver:   22.21.13.8264
Initialize mono
Mono path[0] = 'C:/Program Files/Unity/Hub/Editor/2021.3.13f1/Editor/Data/Managed'
Mono path[1] = 'C:/Program Files/Unity/Hub/Editor/2021.3.13f1/Editor/Data/MonoBleedingEdge/lib/mono/unityjit-win32'
Mono config path = 'C:/Program Files/Unity/Hub/Editor/2021.3.13f1/Editor/Data/MonoBleedingEdge/etc'
Using monoOptions --debugger-agent=transport=dt_socket,embedding=1,server=y,suspend=n,address=127.0.0.1:56088
Begin MonoManager ReloadAssembly
Registering precompiled unity dll's ...
Register platform support module: C:/Program Files/Unity/Hub/Editor/2021.3.13f1/Editor/Data/PlaybackEngines/WebGLSupport/UnityEditor.WebGL.Extensions.dll
Register platform support module: C:/Program Files/Unity/Hub/Editor/2021.3.13f1/Editor/Data/PlaybackEngines/WindowsStandaloneSupport/UnityEditor.WindowsStandalone.Extensions.dll
Registered in 0.013287 seconds.
Native extension for WindowsStandalone target not found
Native extension for WebGL target not found
Refreshing native plugins compatible for Editor in 124.57 ms, found 3 plugins.
Preloading 0 native plugins for Editor in 0.00 ms.
Mono: successfully reloaded assembly
- Completed reload, in  0.805 seconds
Domain Reload Profiling:
	ReloadAssembly (806ms)
		BeginReloadAssembly (88ms)
			ExecutionOrderSort (0ms)
			DisableScriptedObjects (0ms)
			BackupInstance (0ms)
			ReleaseScriptingObjects (0ms)
			CreateAndSetChildDomain (1ms)
		EndReloadAssembly (573ms)
			LoadAssemblies (86ms)
			RebuildTransferFunctionScriptingTraits (0ms)
			SetupTypeCache (121ms)
			ReleaseScriptCaches (0ms)
			RebuildScriptCaches (37ms)
			SetupLoadedEditorAssemblies (354ms)
				LogAssemblyErrors (0ms)
				InitializePlatformSupportModulesInManaged (11ms)
				SetLoadedEditorAssemblies (0ms)
				RefreshPlugins (125ms)
				BeforeProcessingInitializeOnLoad (2ms)
				ProcessInitializeOnLoadAttributes (157ms)
				ProcessInitializeOnLoadMethodAttributes (59ms)
				AfterProcessingInitializeOnLoad (0ms)
				EditorAssembliesLoaded (0ms)
			ExecutionOrderSort2 (0ms)
			AwakeInstancesAfterBackupRestoration (0ms)
Platform modules already initialized, skipping
Registering precompiled user dll's ...
Registered in 0.011862 seconds.
Begin MonoManager ReloadAssembly
Symbol file LoadedFromMemory doesn't match image C:\Users\oriol\Documents\3D-GAME-VJ\3D-DOT-GAME-HEROES-VJ\Library\PackageCache\com.unity.visualscripting@1.7.8\Editor\VisualScripting.Core\Dependencies\YamlDotNet\Unity.VisualScripting.YamlDotNet.dll
Symbol file LoadedFromMemory doesn't match image C:\Users\oriol\Documents\3D-GAME-VJ\3D-DOT-GAME-HEROES-VJ\Library\PackageCache\com.unity.visualscripting@1.7.8\Editor\VisualScripting.Core\Dependencies\DotNetZip\Unity.VisualScripting.IonicZip.dll
Native extension for WindowsStandalone target not found
Native extension for WebGL target not found
Refreshing native plugins compatible for Editor in 1.37 ms, found 3 plugins.
Preloading 0 native plugins for Editor in 0.00 ms.
Mono: successfully reloaded assembly
- Completed reload, in  1.305 seconds
Domain Reload Profiling:
	ReloadAssembly (1306ms)
		BeginReloadAssembly (130ms)
			ExecutionOrderSort (0ms)
			DisableScriptedObjects (8ms)
			BackupInstance (0ms)
			ReleaseScriptingObjects (0ms)
			CreateAndSetChildDomain (23ms)
		EndReloadAssembly (1009ms)
			LoadAssemblies (98ms)
			RebuildTransferFunctionScriptingTraits (0ms)
			SetupTypeCache (272ms)
			ReleaseScriptCaches (1ms)
			RebuildScriptCaches (65ms)
			SetupLoadedEditorAssemblies (505ms)
				LogAssemblyErrors (0ms)
				InitializePlatformSupportModulesInManaged (16ms)
				SetLoadedEditorAssemblies (1ms)
				RefreshPlugins (1ms)
				BeforeProcessingInitializeOnLoad (127ms)
				ProcessInitializeOnLoadAttributes (317ms)
				ProcessInitializeOnLoadMethodAttributes (33ms)
				AfterProcessingInitializeOnLoad (10ms)
				EditorAssembliesLoaded (0ms)
			ExecutionOrderSort2 (0ms)
			AwakeInstancesAfterBackupRestoration (9ms)
Platform modules already initialized, skipping
========================================================================
Worker process is ready to serve import requests
Launched and connected shader compiler UnityShaderCompiler.exe after 0.06 seconds
Refreshing native plugins compatible for Editor in 0.74 ms, found 3 plugins.
Preloading 0 native plugins for Editor in 0.00 ms.
Unloading 3913 Unused Serialized files (Serialized files now loaded: 0)
Unloading 42 unused Assets / (133.2 KB). Loaded Objects now: 4395.
Memory consumption went from 162.2 MB to 162.1 MB.
Total: 3.872800 ms (FindLiveObjects: 0.382800 ms CreateObjectMapping: 0.293700 ms MarkObjects: 3.081400 ms  DeleteObjects: 0.113800 ms)

AssetImportParameters requested are different than current active one (requested -> active):
  custom:video-decoder-ogg-theora: a1e56fd34408186e4bbccfd4996cb3dc -> 
  custom:container-muxer-webm: aa71ff27fc2769a1b78a27578f13a17b -> 
  custom:container-demuxer-webm: 4f35f7cbe854078d1ac9338744f61a02 -> 
  custom:video-encoder-webm-vp8: eb34c28f22e8b96e1ab97ce403110664 -> 
  custom:audio-encoder-webm-vorbis: bf7c407c2cedff20999df2af8eb42d56 -> 
  custom:framework-win-MediaFoundation: 216162199b28c13a410421893ffa2e32 -> 
  custom:container-demuxer-ogg: 62fdf1f143b41e24485cea50d1cbac27 -> 
  custom:video-decoder-webm-vp8: 9c59270c3fd7afecdb556c50c9e8de78 -> 
  custom:audio-decoder-ogg-vorbis: bf7c407c2cedff20999df2af8eb42d56 -> 
========================================================================
Received Import Request.
  Time since last request: 4388.311195 seconds.
  path: Assets/StylizedHandPaintedDungeon(Free)/Prefabs/Door.prefab
  artifactKey: Guid(9175d08a6bdddeb48afa15d1b714d918) Importer(815301076,1909f56bfc062723c751e8b465ee728b)
Start importing Assets/StylizedHandPaintedDungeon(Free)/Prefabs/Door.prefab using Guid(9175d08a6bdddeb48afa15d1b714d918) Importer(815301076,1909f56bfc062723c751e8b465ee728b)  -> (artifact id: '6af35c39ba2cbffd0373f31c2a18255e') in 0.183499 seconds 
========================================================================
Received Import Request.
  Time since last request: 4.823623 seconds.
  path: Assets/StylizedHandPaintedDungeon(Free)/Textures
  artifactKey: Guid(f4b456e080e154b48a23137d350a72ed) Importer(815301076,1909f56bfc062723c751e8b465ee728b)
Start importing Assets/StylizedHandPaintedDungeon(Free)/Textures using Guid(f4b456e080e154b48a23137d350a72ed) Importer(815301076,1909f56bfc062723c751e8b465ee728b)  -> (artifact id: 'defd50f79b502b7a23efdb33a40ced28') in 0.006104 seconds 
========================================================================
Received Import Request.
  Time since last request: 0.088236 seconds.
  path: Assets/StylizedHandPaintedDungeon(Free)/Textures/Dungeon_01_Diffuse.tga
  artifactKey: Guid(580463794dc1de446a571eb88be93bff) Importer(815301076,1909f56bfc062723c751e8b465ee728b)
Start importing Assets/StylizedHandPaintedDungeon(Free)/Textures/Dungeon_01_Diffuse.tga using Guid(580463794dc1de446a571eb88be93bff) Importer(815301076,1909f56bfc062723c751e8b465ee728b)  -> (artifact id: '99c54c4f6ef2ebb5b90bbb64655a3c3a') in 0.055820 seconds 
========================================================================
Received Import Request.
  Time since last request: 16.062769 seconds.
  path: Assets/sword/Example Scene.unity
  artifactKey: Guid(2ec1a6125f07fe24f9a2a30a6da4e845) Importer(815301076,1909f56bfc062723c751e8b465ee728b)
Start importing Assets/sword/Example Scene.unity using Guid(2ec1a6125f07fe24f9a2a30a6da4e845) Importer(815301076,1909f56bfc062723c751e8b465ee728b)  -> (artifact id: '8a48a6481b913a685a60e3eb3b7d0967') in 0.010938 seconds 
========================================================================
Received Import Request.
  Time since last request: 3.863139 seconds.
  path: Assets/sword/Example SceneSettings.lighting
  artifactKey: Guid(117bf1bc54083e74a9e102ff7e0e34fb) Importer(815301076,1909f56bfc062723c751e8b465ee728b)
Start importing Assets/sword/Example SceneSettings.lighting using Guid(117bf1bc54083e74a9e102ff7e0e34fb) Importer(815301076,1909f56bfc062723c751e8b465ee728b) LightingSettings: switching bake backend from 1 to 0.
 -> (artifact id: '736c1bfebb3a7d869b2efc1475a69b80') in 0.011948 seconds 
========================================================================
Received Import Request.
  Time since last request: 6.003525 seconds.
  path: Assets/sword/read me.txt
  artifactKey: Guid(f6cdcc1e320e6d84c89bb816e2226bb3) Importer(815301076,1909f56bfc062723c751e8b465ee728b)
Start importing Assets/sword/read me.txt using Guid(f6cdcc1e320e6d84c89bb816e2226bb3) Importer(815301076,1909f56bfc062723c751e8b465ee728b)  -> (artifact id: '098aa704ebae707e45b8b2200e20a91d') in 0.018176 seconds 
========================================================================
Received Import Request.
  Time since last request: 5.649609 seconds.
  path: Assets/sword/Models
  artifactKey: Guid(9b2ce40357d17b649b9df1840eca6535) Importer(815301076,1909f56bfc062723c751e8b465ee728b)
Start importing Assets/sword/Models using Guid(9b2ce40357d17b649b9df1840eca6535) Importer(815301076,1909f56bfc062723c751e8b465ee728b)  -> (artifact id: '04a1987cfa7b11b953d770193de95f43') in 0.010699 seconds 
========================================================================
Received Import Request.
  Time since last request: 8.380167 seconds.
  path: Assets/Terrain/Textures/Snow
  artifactKey: Guid(b52321aac144753448fc845958f0b9a4) Importer(815301076,1909f56bfc062723c751e8b465ee728b)
Start importing Assets/Terrain/Textures/Snow using Guid(b52321aac144753448fc845958f0b9a4) Importer(815301076,1909f56bfc062723c751e8b465ee728b)  -> (artifact id: 'af95dcb449d8dd94593dc6aa4c7cfbca') in 0.014054 seconds 
========================================================================
Received Import Request.
  Time since last request: 4.252103 seconds.
  path: Assets/Terrain/Textures/Grass/Grass_darked/Materials
  artifactKey: Guid(9110544aa5496804787a252385b46eb7) Importer(815301076,1909f56bfc062723c751e8b465ee728b)
Start importing Assets/Terrain/Textures/Grass/Grass_darked/Materials using Guid(9110544aa5496804787a252385b46eb7) Importer(815301076,1909f56bfc062723c751e8b465ee728b)  -> (artifact id: '95c4b37b178a25e7cd12c5a4b17b4c01') in 0.005289 seconds 
========================================================================
Received Import Request.
  Time since last request: 0.089567 seconds.
  path: Assets/Terrain/Textures/Grass/Grass_darked/Materials/Grass_darked_up.mat
  artifactKey: Guid(5c2c18882b159c14fad350e295f9405f) Importer(815301076,1909f56bfc062723c751e8b465ee728b)
Start importing Assets/Terrain/Textures/Grass/Grass_darked/Materials/Grass_darked_up.mat using Guid(5c2c18882b159c14fad350e295f9405f) Importer(815301076,1909f56bfc062723c751e8b465ee728b)  -> (artifact id: '259b877a25816bf3e8c2e65b9da48a87') in 0.044677 seconds 
========================================================================
Received Import Request.
  Time since last request: 3.050868 seconds.
  path: Assets/Terrain/Textures/Grass/Grass_lighted
  artifactKey: Guid(d936f86bde2d5f34196930bff055a08c) Importer(815301076,1909f56bfc062723c751e8b465ee728b)
Start importing Assets/Terrain/Textures/Grass/Grass_lighted using Guid(d936f86bde2d5f34196930bff055a08c) Importer(815301076,1909f56bfc062723c751e8b465ee728b)  -> (artifact id: '478b7b315cd49fd55365a986f7d09bff') in 0.015544 seconds 
========================================================================
Received Import Request.
  Time since last request: 0.077065 seconds.
  path: Assets/Terrain/Textures/Grass/Grass_lighted/Grass_lighted_down.png
  artifactKey: Guid(6e3abed3edda0ae4b876a53ee95f7d37) Importer(815301076,1909f56bfc062723c751e8b465ee728b)
Start importing Assets/Terrain/Textures/Grass/Grass_lighted/Grass_lighted_down.png using Guid(6e3abed3edda0ae4b876a53ee95f7d37) Importer(815301076,1909f56bfc062723c751e8b465ee728b)  -> (artifact id: '46571e4e0fdb877f00149491cc508e17') in 0.067656 seconds 
========================================================================
Received Import Request.
  Time since last request: 1.851291 seconds.
  path: Assets/Terrain/Textures/Grass/Grass_swamp_dark
  artifactKey: Guid(be36384a508ba5a47a59fae7425f50b3) Importer(815301076,1909f56bfc062723c751e8b465ee728b)
Start importing Assets/Terrain/Textures/Grass/Grass_swamp_dark using Guid(be36384a508ba5a47a59fae7425f50b3) Importer(815301076,1909f56bfc062723c751e8b465ee728b)  -> (artifact id: 'bfa14103db336ac05925567d497d11ac') in 0.014982 seconds 
========================================================================
Received Import Request.
  Time since last request: 3.036860 seconds.
  path: Assets/Terrain/Textures/Dirt
  artifactKey: Guid(22083d95b4249964287aee78fd90c573) Importer(815301076,1909f56bfc062723c751e8b465ee728b)
Start importing Assets/Terrain/Textures/Dirt using Guid(22083d95b4249964287aee78fd90c573) Importer(815301076,1909f56bfc062723c751e8b465ee728b)  -> (artifact id: 'd0c437e64ceede1767b81baf9e8cf13e') in 0.013703 seconds 
========================================================================
Received Import Request.
  Time since last request: 0.821978 seconds.
  path: Assets/Terrain/Textures/Dirt/dirt_clay
  artifactKey: Guid(9e6773a1ffed3674d89c63d078c1ea4f) Importer(815301076,1909f56bfc062723c751e8b465ee728b)
Start importing Assets/Terrain/Textures/Dirt/dirt_clay using Guid(9e6773a1ffed3674d89c63d078c1ea4f) Importer(815301076,1909f56bfc062723c751e8b465ee728b)  -> (artifact id: 'c799f6280ef0bd404e839b25155c46b4') in 0.010202 seconds 
========================================================================
Received Import Request.
  Time since last request: 0.114137 seconds.
  path: Assets/Terrain/Textures/Dirt/dirt_clay/dirt_clay_down.png
  artifactKey: Guid(a7b05dec520c8cf4c8e08dfef1f84db4) Importer(815301076,1909f56bfc062723c751e8b465ee728b)
Start importing Assets/Terrain/Textures/Dirt/dirt_clay/dirt_clay_down.png using Guid(a7b05dec520c8cf4c8e08dfef1f84db4) Importer(815301076,1909f56bfc062723c751e8b465ee728b)  -> (artifact id: 'e5cc710e931cb94b31b9eff5f0e6ae68') in 0.041516 seconds 
========================================================================
Received Import Request.
  Time since last request: 0.000029 seconds.
  path: Assets/Terrain/Textures/Dirt/dirt_clay/dirt_clay_up.png
  artifactKey: Guid(7334f41aedeae534fb57921b121a9f1f) Importer(815301076,1909f56bfc062723c751e8b465ee728b)
Start importing Assets/Terrain/Textures/Dirt/dirt_clay/dirt_clay_up.png using Guid(7334f41aedeae534fb57921b121a9f1f) Importer(815301076,1909f56bfc062723c751e8b465ee728b)  -> (artifact id: '38b674d84ee81a4e18f420fb90d508c9') in 0.027132 seconds 
========================================================================
Received Import Request.
  Time since last request: 5.715245 seconds.
  path: Assets/TextMesh Pro
  artifactKey: Guid(f54d1bd14bd3ca042bd867b519fee8cc) Importer(815301076,1909f56bfc062723c751e8b465ee728b)
Start importing Assets/TextMesh Pro using Guid(f54d1bd14bd3ca042bd867b519fee8cc) Importer(815301076,1909f56bfc062723c751e8b465ee728b)  -> (artifact id: '6d457b26d2bc8024e58729449d46e968') in 0.011602 seconds 
========================================================================
Received Import Request.
  Time since last request: 1.006897 seconds.
  path: Assets/TextMesh Pro/Documentation
  artifactKey: Guid(8e7e8f5a82a3a134e91c54efd2274ea9) Importer(815301076,1909f56bfc062723c751e8b465ee728b)
Start importing Assets/TextMesh Pro/Documentation using Guid(8e7e8f5a82a3a134e91c54efd2274ea9) Importer(815301076,1909f56bfc062723c751e8b465ee728b)  -> (artifact id: '365e95d1c1490fa81b8510ec77c394a2') in 0.009466 seconds 
========================================================================
Received Import Request.
  Time since last request: 0.716700 seconds.
  path: Assets/TextMesh Pro/Documentation/TextMesh Pro User Guide 2016.pdf
  artifactKey: Guid(1b8d251f9af63b746bf2f7ffe00ebb9b) Importer(815301076,1909f56bfc062723c751e8b465ee728b)
Start importing Assets/TextMesh Pro/Documentation/TextMesh Pro User Guide 2016.pdf using Guid(1b8d251f9af63b746bf2f7ffe00ebb9b) Importer(815301076,1909f56bfc062723c751e8b465ee728b)  -> (artifact id: '296ae03d07c1080f3377163c86976f99') in 0.015520 seconds 
========================================================================
Received Import Request.
  Time since last request: 3.600957 seconds.
  path: Assets/TextMesh Pro/Examples & Extras
  artifactKey: Guid(ce51c8e33b734b4db6086586558c53a3) Importer(815301076,1909f56bfc062723c751e8b465ee728b)
Start importing Assets/TextMesh Pro/Examples & Extras using Guid(ce51c8e33b734b4db6086586558c53a3) Importer(815301076,1909f56bfc062723c751e8b465ee728b)  -> (artifact id: '566be3afd10e308dd7e0610d4f4c105c') in 0.012064 seconds 
========================================================================
Received Import Request.
  Time since last request: 1.295411 seconds.
  path: Assets/TextMesh Pro/Examples & Extras/Fonts
  artifactKey: Guid(b63e0053080646b9819789bf3bf9fa17) Importer(815301076,1909f56bfc062723c751e8b465ee728b)
Start importing Assets/TextMesh Pro/Examples & Extras/Fonts using Guid(b63e0053080646b9819789bf3bf9fa17) Importer(815301076,1909f56bfc062723c751e8b465ee728b)  -> (artifact id: '725efeb8cf1c10547ceab575ac9c2659') in 0.013139 seconds 
========================================================================
Received Import Request.
  Time since last request: 0.065176 seconds.
  path: Assets/TextMesh Pro/Examples & Extras/Fonts/Anton.ttf
  artifactKey: Guid(997a43b767814dd0a7642ec9b78cba41) Importer(815301076,1909f56bfc062723c751e8b465ee728b)
Start importing Assets/TextMesh Pro/Examples & Extras/Fonts/Anton.ttf using Guid(997a43b767814dd0a7642ec9b78cba41) Importer(815301076,1909f56bfc062723c751e8b465ee728b)  -> (artifact id: 'd715a65cec22557af36e509655f99a14') in 0.058475 seconds 
========================================================================
Received Import Request.
  Time since last request: 2.010360 seconds.
  path: Assets/TextMesh Pro/Examples & Extras/Prefabs
  artifactKey: Guid(5bff2544887143f5807c7d5059d07f79) Importer(815301076,1909f56bfc062723c751e8b465ee728b)
Start importing Assets/TextMesh Pro/Examples & Extras/Prefabs using Guid(5bff2544887143f5807c7d5059d07f79) Importer(815301076,1909f56bfc062723c751e8b465ee728b)  -> (artifact id: 'bf53e5cb1c8fd3d846cad8fe7c7be5ad') in 0.003563 seconds 
========================================================================
Received Import Request.
  Time since last request: 0.127930 seconds.
  path: Assets/TextMesh Pro/Examples & Extras/Prefabs/Text Popup.prefab
  artifactKey: Guid(b06f0e6c1dfa4356ac918da1bb32c603) Importer(815301076,1909f56bfc062723c751e8b465ee728b)
Start importing Assets/TextMesh Pro/Examples & Extras/Prefabs/Text Popup.prefab using Guid(b06f0e6c1dfa4356ac918da1bb32c603) Importer(815301076,1909f56bfc062723c751e8b465ee728b)  -> (artifact id: '9ab54091714b50432e66c6aa48106e04') in 0.101308 seconds 
========================================================================
Received Import Request.
  Time since last request: 7.503180 seconds.
  path: Assets/Weapons/Materials
  artifactKey: Guid(fab849b7b7b918a4998fbabae64a6023) Importer(815301076,1909f56bfc062723c751e8b465ee728b)
Start importing Assets/Weapons/Materials using Guid(fab849b7b7b918a4998fbabae64a6023) Importer(815301076,1909f56bfc062723c751e8b465ee728b)  -> (artifact id: 'b9f3d5e093bb49627273ca52fcd6703f') in 0.003801 seconds 
========================================================================
Received Import Request.
  Time since last request: 1.796597 seconds.
  path: Assets/Weapons/Models
  artifactKey: Guid(3616c4f0d2ab43f4689767048da8a459) Importer(815301076,1909f56bfc062723c751e8b465ee728b)
Start importing Assets/Weapons/Models using Guid(3616c4f0d2ab43f4689767048da8a459) Importer(815301076,1909f56bfc062723c751e8b465ee728b)  -> (artifact id: '472f7c37873c799d5933d0258245b96e') in 0.008948 seconds 
========================================================================
Received Import Request.
  Time since last request: 12.339515 seconds.
  path: Assets/Weapons/Prefabs/Arrow_01.prefab
  artifactKey: Guid(45804eb2722b83845adbcf2d72da12dd) Importer(815301076,1909f56bfc062723c751e8b465ee728b)
Start importing Assets/Weapons/Prefabs/Arrow_01.prefab using Guid(45804eb2722b83845adbcf2d72da12dd) Importer(815301076,1909f56bfc062723c751e8b465ee728b)  -> (artifact id: '1cbea1085389c89748ded066823d641f') in 0.013507 seconds 
========================================================================
Received Import Request.
  Time since last request: 0.000041 seconds.
  path: Assets/Weapons/Prefabs/Dagger_01.prefab
  artifactKey: Guid(ea816f7cece47574da091aaf86ab56f4) Importer(815301076,1909f56bfc062723c751e8b465ee728b)
Start importing Assets/Weapons/Prefabs/Dagger_01.prefab using Guid(ea816f7cece47574da091aaf86ab56f4) Importer(815301076,1909f56bfc062723c751e8b465ee728b)  -> (artifact id: '2653d264b136881e1bfe47922f195206') in 0.024328 seconds 
========================================================================
Received Import Request.
  Time since last request: 4.941617 seconds.
  path: Assets/Weapons/Scenes
  artifactKey: Guid(afe343eb1b996e947bc02a453ed40811) Importer(815301076,1909f56bfc062723c751e8b465ee728b)
Start importing Assets/Weapons/Scenes using Guid(afe343eb1b996e947bc02a453ed40811) Importer(815301076,1909f56bfc062723c751e8b465ee728b)  -> (artifact id: '986594bcbd1065c1e1bc9ce4f181d9d6') in 0.009204 seconds 
========================================================================
Received Import Request.
  Time since last request: 0.845999 seconds.
  path: Assets/Weapons/Scenes/LowPolyRPGWeaponsLite_Overview.unity
  artifactKey: Guid(4ecb1ff379d8de84ea98d9fc0dad224c) Importer(815301076,1909f56bfc062723c751e8b465ee728b)
Start importing Assets/Weapons/Scenes/LowPolyRPGWeaponsLite_Overview.unity using Guid(4ecb1ff379d8de84ea98d9fc0dad224c) Importer(815301076,1909f56bfc062723c751e8b465ee728b)  -> (artifact id: '36e9cc2ead90eb09255383ed18e36d8d') in 0.015933 seconds 
========================================================================
Received Import Request.
  Time since last request: 1.951322 seconds.
  path: Assets/Weapons/Scenes/Settings
  artifactKey: Guid(b646fdc0f913a5141a77908c154e0e48) Importer(815301076,1909f56bfc062723c751e8b465ee728b)
Start importing Assets/Weapons/Scenes/Settings using Guid(b646fdc0f913a5141a77908c154e0e48) Importer(815301076,1909f56bfc062723c751e8b465ee728b)  -> (artifact id: '8b3f719d1f4d641a63af5e7913cfe993') in 0.010531 seconds 
========================================================================
Received Import Request.
  Time since last request: 3.651628 seconds.
  path: Assets/Weapons/Textures
  artifactKey: Guid(908b85516900c094591d254ebd3e4495) Importer(815301076,1909f56bfc062723c751e8b465ee728b)
Start importing Assets/Weapons/Textures using Guid(908b85516900c094591d254ebd3e4495) Importer(815301076,1909f56bfc062723c751e8b465ee728b)  -> (artifact id: 'a783ea106c8628eb097ffd24c7d1d416') in 0.012589 seconds 
========================================================================
Received Import Request.
  Time since last request: 0.087458 seconds.
  path: Assets/Weapons/Textures/RPG_Weapons_Lite_Texture_01.png
  artifactKey: Guid(c8966e41636de3d4cae7be69f362e408) Importer(815301076,1909f56bfc062723c751e8b465ee728b)
Start importing Assets/Weapons/Textures/RPG_Weapons_Lite_Texture_01.png using Guid(c8966e41636de3d4cae7be69f362e408) Importer(815301076,1909f56bfc062723c751e8b465ee728b)  -> (artifact id: '8826e0817974bc3589092469a0de15ff') in 0.028831 seconds 
========================================================================
Received Prepare
Registering precompiled user dll's ...
Registered in 0.026943 seconds.
Begin MonoManager ReloadAssembly
Symbol file LoadedFromMemory doesn't match image C:\Users\oriol\Documents\3D-GAME-VJ\3D-DOT-GAME-HEROES-VJ\Library\PackageCache\com.unity.visualscripting@1.7.8\Editor\VisualScripting.Core\Dependencies\YamlDotNet\Unity.VisualScripting.YamlDotNet.dll
Symbol file LoadedFromMemory doesn't match image C:\Users\oriol\Documents\3D-GAME-VJ\3D-DOT-GAME-HEROES-VJ\Library\PackageCache\com.unity.visualscripting@1.7.8\Editor\VisualScripting.Core\Dependencies\DotNetZip\Unity.VisualScripting.IonicZip.dll
Native extension for WindowsStandalone target not found
Native extension for WebGL target not found
Refreshing native plugins compatible for Editor in 2.88 ms, found 3 plugins.
Preloading 0 native plugins for Editor in 0.00 ms.
Error saving file Library/StateCache/LayerSettings/9e/9ecc5c3c162a7aba29bafa64c8b94b7c.json. Error: System.IO.IOException: Sharing violation on path C:\Users\oriol\Documents\3D-GAME-VJ\3D-DOT-GAME-HEROES-VJ\Library\StateCache\LayerSettings\9e\9ecc5c3c162a7aba29bafa64c8b94b7c.json
  at System.IO.FileStream..ctor (System.String path, System.IO.FileMode mode, System.IO.FileAccess access, System.IO.FileShare share, System.Int32 bufferSize, System.Boolean anonymous, System.IO.FileOptions options) [0x0019e] in <c9d3ffd4b98649ee9989e1908eaca019>:0 
  at System.IO.FileStream..ctor (System.String path, System.IO.FileMode mode, System.IO.FileAccess access, System.IO.FileShare share, System.Int32 bufferSize, System.IO.FileOptions options) [0x00000] in <c9d3ffd4b98649ee9989e1908eaca019>:0 
  at (wrapper remoting-invoke-with-check) System.IO.FileStream..ctor(string,System.IO.FileMode,System.IO.FileAccess,System.IO.FileShare,int,System.IO.FileOptions)
  at System.IO.StreamWriter..ctor (System.String path, System.Boolean append, System.Text.Encoding encoding, System.Int32 bufferSize) [0x00055] in <c9d3ffd4b98649ee9989e1908eaca019>:0 
  at System.IO.StreamWriter..ctor (System.String path, System.Boolean append, System.Text.Encoding encoding) [0x00000] in <c9d3ffd4b98649ee9989e1908eaca019>:0 
  at (wrapper remoting-invoke-with-check) System.IO.StreamWriter..ctor(string,bool,System.Text.Encoding)
  at System.IO.File.WriteAllText (System.String path, System.String contents, System.Text.Encoding encoding) [0x00034] in <c9d3ffd4b98649ee9989e1908eaca019>:0 
  at UnityEditor.StateCache`1[T].SetState (UnityEngine.Hash128 key, T obj) [0x0004b] in <dc1a47a5816e4be7bc6817ee4d339e75>:0 
UnityEngine.StackTraceUtility:ExtractStackTrace ()
UnityEngine.DebugLogHandler:LogFormat (UnityEngine.LogType,UnityEngine.Object,string,object[])
UnityEngine.Logger:Log (UnityEngine.LogType,object)
UnityEngine.Debug:LogError (object)
UnityEditor.StateCache`1<UnityEditor.Tools/LayerSettings>:SetState (UnityEngine.Hash128,UnityEditor.Tools/LayerSettings)
UnityEditor.Tools:set_lockedLayers (int)
UnityEditor.Tools:OnEnable ()
UnityEngine.ScriptableObject:CreateInstance (System.Type)
UnityEngine.ScriptableObject:CreateInstance<UnityEditor.Tools> ()
UnityEditor.Tools:get_get ()
UnityEditor.Tools:get_visibleLayers ()
UnityEditor.Animations.Rigging.BoneRendererUtils:.cctor () (at Library/PackageCache/com.unity.animation.rigging@1.1.1/Editor/Utils/BoneRendererUtils.cs:121)
System.Runtime.CompilerServices.RuntimeHelpers:RunClassConstructor (System.RuntimeTypeHandle)
UnityEditor.EditorAssemblies:ProcessInitializeOnLoadAttributes (System.Type[])

(Filename: Library/PackageCache/com.unity.animation.rigging@1.1.1/Editor/Utils/BoneRendererUtils.cs Line: 121)

Mono: successfully reloaded assembly
- Completed reload, in  2.768 seconds
Domain Reload Profiling:
	ReloadAssembly (2771ms)
		BeginReloadAssembly (276ms)
			ExecutionOrderSort (0ms)
			DisableScriptedObjects (8ms)
			BackupInstance (0ms)
			ReleaseScriptingObjects (0ms)
			CreateAndSetChildDomain (100ms)
		EndReloadAssembly (2298ms)
			LoadAssemblies (156ms)
			RebuildTransferFunctionScriptingTraits (0ms)
			SetupTypeCache (607ms)
			ReleaseScriptCaches (4ms)
			RebuildScriptCaches (134ms)
			SetupLoadedEditorAssemblies (1197ms)
				LogAssemblyErrors (0ms)
				InitializePlatformSupportModulesInManaged (48ms)
				SetLoadedEditorAssemblies (2ms)
				RefreshPlugins (3ms)
				BeforeProcessingInitializeOnLoad (213ms)
				ProcessInitializeOnLoadAttributes (814ms)
				ProcessInitializeOnLoadMethodAttributes (95ms)
				AfterProcessingInitializeOnLoad (22ms)
				EditorAssembliesLoaded (1ms)
			ExecutionOrderSort2 (0ms)
			AwakeInstancesAfterBackupRestoration (26ms)
Platform modules already initialized, skipping
Refreshing native plugins compatible for Editor in 14.30 ms, found 3 plugins.
Preloading 0 native plugins for Editor in 0.00 ms.
Unloading 3893 Unused Serialized files (Serialized files now loaded: 0)
Unloading 25 unused Assets / (126.8 KB). Loaded Objects now: 4458.
Memory consumption went from 165.9 MB to 165.8 MB.
Total: 8.994600 ms (FindLiveObjects: 0.440400 ms CreateObjectMapping: 0.735700 ms MarkObjects: 7.657500 ms  DeleteObjects: 0.159500 ms)

AssetImportParameters requested are different than current active one (requested -> active):
  custom:video-decoder-ogg-theora: a1e56fd34408186e4bbccfd4996cb3dc -> 
  custom:container-muxer-webm: aa71ff27fc2769a1b78a27578f13a17b -> 
  custom:container-demuxer-webm: 4f35f7cbe854078d1ac9338744f61a02 -> 
  custom:video-encoder-webm-vp8: eb34c28f22e8b96e1ab97ce403110664 -> 
  custom:audio-encoder-webm-vorbis: bf7c407c2cedff20999df2af8eb42d56 -> 
  custom:framework-win-MediaFoundation: 216162199b28c13a410421893ffa2e32 -> 
  custom:container-demuxer-ogg: 62fdf1f143b41e24485cea50d1cbac27 -> 
  custom:video-decoder-webm-vp8: 9c59270c3fd7afecdb556c50c9e8de78 -> 
  custom:audio-decoder-ogg-vorbis: bf7c407c2cedff20999df2af8eb42d56 -> 
========================================================================
Received Import Request.
  Time since last request: 31.067324 seconds.
  path: Assets/bo.cs
  artifactKey: Guid(f0961fe35259fe8488281a7e2c30e4ec) Importer(815301076,1909f56bfc062723c751e8b465ee728b)
Start importing Assets/bo.cs using Guid(f0961fe35259fe8488281a7e2c30e4ec) Importer(815301076,1909f56bfc062723c751e8b465ee728b)  -> (artifact id: '52ca7175de25f4b6aa17f79f11af55c1') in 0.019354 seconds 
========================================================================
Received Prepare
Registering precompiled user dll's ...
Registered in 0.014761 seconds.
Begin MonoManager ReloadAssembly
Symbol file LoadedFromMemory doesn't match image C:\Users\oriol\Documents\3D-GAME-VJ\3D-DOT-GAME-HEROES-VJ\Library\PackageCache\com.unity.visualscripting@1.7.8\Editor\VisualScripting.Core\Dependencies\YamlDotNet\Unity.VisualScripting.YamlDotNet.dll
Symbol file LoadedFromMemory doesn't match image C:\Users\oriol\Documents\3D-GAME-VJ\3D-DOT-GAME-HEROES-VJ\Library\PackageCache\com.unity.visualscripting@1.7.8\Editor\VisualScripting.Core\Dependencies\DotNetZip\Unity.VisualScripting.IonicZip.dll
Native extension for WindowsStandalone target not found
Native extension for WebGL target not found
Refreshing native plugins compatible for Editor in 1.28 ms, found 3 plugins.
Preloading 0 native plugins for Editor in 0.00 ms.
Error saving file Library/StateCache/LayerSettings/9e/9ecc5c3c162a7aba29bafa64c8b94b7c.json. Error: System.IO.IOException: Sharing violation on path C:\Users\oriol\Documents\3D-GAME-VJ\3D-DOT-GAME-HEROES-VJ\Library\StateCache\LayerSettings\9e\9ecc5c3c162a7aba29bafa64c8b94b7c.json
  at System.IO.FileStream..ctor (System.String path, System.IO.FileMode mode, System.IO.FileAccess access, System.IO.FileShare share, System.Int32 bufferSize, System.Boolean anonymous, System.IO.FileOptions options) [0x0019e] in <c9d3ffd4b98649ee9989e1908eaca019>:0 
  at System.IO.FileStream..ctor (System.String path, System.IO.FileMode mode, System.IO.FileAccess access, System.IO.FileShare share, System.Int32 bufferSize, System.IO.FileOptions options) [0x00000] in <c9d3ffd4b98649ee9989e1908eaca019>:0 
  at (wrapper remoting-invoke-with-check) System.IO.FileStream..ctor(string,System.IO.FileMode,System.IO.FileAccess,System.IO.FileShare,int,System.IO.FileOptions)
  at System.IO.StreamWriter..ctor (System.String path, System.Boolean append, System.Text.Encoding encoding, System.Int32 bufferSize) [0x00055] in <c9d3ffd4b98649ee9989e1908eaca019>:0 
  at System.IO.StreamWriter..ctor (System.String path, System.Boolean append, System.Text.Encoding encoding) [0x00000] in <c9d3ffd4b98649ee9989e1908eaca019>:0 
  at (wrapper remoting-invoke-with-check) System.IO.StreamWriter..ctor(string,bool,System.Text.Encoding)
  at System.IO.File.WriteAllText (System.String path, System.String contents, System.Text.Encoding encoding) [0x00034] in <c9d3ffd4b98649ee9989e1908eaca019>:0 
  at UnityEditor.StateCache`1[T].SetState (UnityEngine.Hash128 key, T obj) [0x0004b] in <dc1a47a5816e4be7bc6817ee4d339e75>:0 
UnityEngine.StackTraceUtility:ExtractStackTrace ()
UnityEngine.DebugLogHandler:LogFormat (UnityEngine.LogType,UnityEngine.Object,string,object[])
UnityEngine.Logger:Log (UnityEngine.LogType,object)
UnityEngine.Debug:LogError (object)
UnityEditor.StateCache`1<UnityEditor.Tools/LayerSettings>:SetState (UnityEngine.Hash128,UnityEditor.Tools/LayerSettings)
UnityEditor.Tools:set_lockedLayers (int)
UnityEditor.Tools:OnEnable ()
UnityEngine.ScriptableObject:CreateInstance (System.Type)
UnityEngine.ScriptableObject:CreateInstance<UnityEditor.Tools> ()
UnityEditor.Tools:get_get ()
UnityEditor.Tools:get_visibleLayers ()
UnityEditor.Animations.Rigging.BoneRendererUtils:.cctor () (at Library/PackageCache/com.unity.animation.rigging@1.1.1/Editor/Utils/BoneRendererUtils.cs:121)
System.Runtime.CompilerServices.RuntimeHelpers:RunClassConstructor (System.RuntimeTypeHandle)
UnityEditor.EditorAssemblies:ProcessInitializeOnLoadAttributes (System.Type[])

(Filename: Library/PackageCache/com.unity.animation.rigging@1.1.1/Editor/Utils/BoneRendererUtils.cs Line: 121)

Mono: successfully reloaded assembly
- Completed reload, in  2.091 seconds
Domain Reload Profiling:
	ReloadAssembly (2092ms)
		BeginReloadAssembly (439ms)
			ExecutionOrderSort (0ms)
			DisableScriptedObjects (10ms)
			BackupInstance (0ms)
			ReleaseScriptingObjects (0ms)
			CreateAndSetChildDomain (62ms)
		EndReloadAssembly (1373ms)
			LoadAssemblies (371ms)
			RebuildTransferFunctionScriptingTraits (0ms)
			SetupTypeCache (397ms)
			ReleaseScriptCaches (1ms)
			RebuildScriptCaches (62ms)
			SetupLoadedEditorAssemblies (702ms)
				LogAssemblyErrors (0ms)
				InitializePlatformSupportModulesInManaged (26ms)
				SetLoadedEditorAssemblies (1ms)
				RefreshPlugins (1ms)
				BeforeProcessingInitializeOnLoad (149ms)
				ProcessInitializeOnLoadAttributes (454ms)
				ProcessInitializeOnLoadMethodAttributes (55ms)
				AfterProcessingInitializeOnLoad (16ms)
				EditorAssembliesLoaded (0ms)
			ExecutionOrderSort2 (0ms)
			AwakeInstancesAfterBackupRestoration (17ms)
Platform modules already initialized, skipping
Refreshing native plugins compatible for Editor in 3.58 ms, found 3 plugins.
Preloading 0 native plugins for Editor in 0.00 ms.
Unloading 3892 Unused Serialized files (Serialized files now loaded: 0)
Unloading 25 unused Assets / (125.9 KB). Loaded Objects now: 4473.
Memory consumption went from 165.9 MB to 165.8 MB.
Total: 4.971400 ms (FindLiveObjects: 0.425300 ms CreateObjectMapping: 0.354700 ms MarkObjects: 4.057000 ms  DeleteObjects: 0.132800 ms)

AssetImportParameters requested are different than current active one (requested -> active):
  custom:video-decoder-ogg-theora: a1e56fd34408186e4bbccfd4996cb3dc -> 
  custom:container-muxer-webm: aa71ff27fc2769a1b78a27578f13a17b -> 
  custom:container-demuxer-webm: 4f35f7cbe854078d1ac9338744f61a02 -> 
  custom:video-encoder-webm-vp8: eb34c28f22e8b96e1ab97ce403110664 -> 
  custom:audio-encoder-webm-vorbis: bf7c407c2cedff20999df2af8eb42d56 -> 
  custom:framework-win-MediaFoundation: 216162199b28c13a410421893ffa2e32 -> 
  custom:container-demuxer-ogg: 62fdf1f143b41e24485cea50d1cbac27 -> 
  custom:video-decoder-webm-vp8: 9c59270c3fd7afecdb556c50c9e8de78 -> 
  custom:audio-decoder-ogg-vorbis: bf7c407c2cedff20999df2af8eb42d56 -> 
========================================================================
Received Import Request.
  Time since last request: 14.060672 seconds.
  path: Assets/disparo.cs
  artifactKey: Guid(18c6e8d0d613a3f4a88054ab1637721c) Importer(815301076,1909f56bfc062723c751e8b465ee728b)
Start importing Assets/disparo.cs using Guid(18c6e8d0d613a3f4a88054ab1637721c) Importer(815301076,1909f56bfc062723c751e8b465ee728b)  -> (artifact id: '5651bb8faf9f4afe6587212a86929b74') in 0.017001 seconds 
========================================================================
Received Import Request.
  Time since last request: 1.132657 seconds.
  path: Assets/interact.cs
  artifactKey: Guid(7a069c520385e5242a2bc97e46c4c68f) Importer(815301076,1909f56bfc062723c751e8b465ee728b)
Start importing Assets/interact.cs using Guid(7a069c520385e5242a2bc97e46c4c68f) Importer(815301076,1909f56bfc062723c751e8b465ee728b)  -> (artifact id: 'f676db471c370672eedfd57fbe2dc234') in 0.008637 seconds 
========================================================================
Received Import Request.
  Time since last request: 25.559231 seconds.
  path: Assets/manager.cs
  artifactKey: Guid(9925110f78291644292d4372d3e09fbb) Importer(815301076,1909f56bfc062723c751e8b465ee728b)
Start importing Assets/manager.cs using Guid(9925110f78291644292d4372d3e09fbb) Importer(815301076,1909f56bfc062723c751e8b465ee728b)  -> (artifact id: '4565bb181b7289564ebc81d90d3bdeb6') in 0.009999 seconds 
========================================================================
Received Prepare
Registering precompiled user dll's ...
Registered in 0.015991 seconds.
Begin MonoManager ReloadAssembly
Symbol file LoadedFromMemory doesn't match image C:\Users\oriol\Documents\3D-GAME-VJ\3D-DOT-GAME-HEROES-VJ\Library\PackageCache\com.unity.visualscripting@1.7.8\Editor\VisualScripting.Core\Dependencies\YamlDotNet\Unity.VisualScripting.YamlDotNet.dll
Symbol file LoadedFromMemory doesn't match image C:\Users\oriol\Documents\3D-GAME-VJ\3D-DOT-GAME-HEROES-VJ\Library\PackageCache\com.unity.visualscripting@1.7.8\Editor\VisualScripting.Core\Dependencies\DotNetZip\Unity.VisualScripting.IonicZip.dll
Native extension for WindowsStandalone target not found
Native extension for WebGL target not found
Refreshing native plugins compatible for Editor in 1.03 ms, found 3 plugins.
Preloading 0 native plugins for Editor in 0.00 ms.
Mono: successfully reloaded assembly
- Completed reload, in  2.164 seconds
Domain Reload Profiling:
	ReloadAssembly (2166ms)
		BeginReloadAssembly (187ms)
			ExecutionOrderSort (0ms)
			DisableScriptedObjects (7ms)
			BackupInstance (0ms)
			ReleaseScriptingObjects (0ms)
			CreateAndSetChildDomain (52ms)
		EndReloadAssembly (1819ms)
			LoadAssemblies (129ms)
			RebuildTransferFunctionScriptingTraits (0ms)
			SetupTypeCache (418ms)
			ReleaseScriptCaches (2ms)
			RebuildScriptCaches (92ms)
			SetupLoadedEditorAssemblies (964ms)
				LogAssemblyErrors (0ms)
				InitializePlatformSupportModulesInManaged (21ms)
				SetLoadedEditorAssemblies (1ms)
				RefreshPlugins (1ms)
				BeforeProcessingInitializeOnLoad (138ms)
				ProcessInitializeOnLoadAttributes (522ms)
				ProcessInitializeOnLoadMethodAttributes (172ms)
				AfterProcessingInitializeOnLoad (107ms)
				EditorAssembliesLoaded (2ms)
			ExecutionOrderSort2 (0ms)
			AwakeInstancesAfterBackupRestoration (40ms)
Platform modules already initialized, skipping
Refreshing native plugins compatible for Editor in 3.46 ms, found 3 plugins.
Preloading 0 native plugins for Editor in 0.00 ms.
Unloading 3892 Unused Serialized files (Serialized files now loaded: 0)
Unloading 24 unused Assets / (125.9 KB). Loaded Objects now: 4489.
Memory consumption went from 165.9 MB to 165.8 MB.
Total: 3.233400 ms (FindLiveObjects: 0.351400 ms CreateObjectMapping: 0.267200 ms MarkObjects: 2.520500 ms  DeleteObjects: 0.092900 ms)

AssetImportParameters requested are different than current active one (requested -> active):
  custom:video-decoder-ogg-theora: a1e56fd34408186e4bbccfd4996cb3dc -> 
  custom:container-muxer-webm: aa71ff27fc2769a1b78a27578f13a17b -> 
  custom:container-demuxer-webm: 4f35f7cbe854078d1ac9338744f61a02 -> 
  custom:video-encoder-webm-vp8: eb34c28f22e8b96e1ab97ce403110664 -> 
  custom:audio-encoder-webm-vorbis: bf7c407c2cedff20999df2af8eb42d56 -> 
  custom:framework-win-MediaFoundation: 216162199b28c13a410421893ffa2e32 -> 
  custom:container-demuxer-ogg: 62fdf1f143b41e24485cea50d1cbac27 -> 
  custom:video-decoder-webm-vp8: 9c59270c3fd7afecdb556c50c9e8de78 -> 
  custom:audio-decoder-ogg-vorbis: bf7c407c2cedff20999df2af8eb42d56 -> 
========================================================================
Received Import Request.
  Time since last request: 23.725333 seconds.
  path: Assets/Scenes
  artifactKey: Guid(6ea315d0fd7389c41b19996891e99ae3) Importer(815301076,1909f56bfc062723c751e8b465ee728b)
Start importing Assets/Scenes using Guid(6ea315d0fd7389c41b19996891e99ae3) Importer(815301076,1909f56bfc062723c751e8b465ee728b)  -> (artifact id: 'bc172811d573b296104adb4d2728db37') in 0.012872 seconds 
========================================================================
Received Import Request.
  Time since last request: 1.560170 seconds.
  path: Assets/Scenes/GameScene.unity
  artifactKey: Guid(9fc0d4010bbf28b4594072e72b8655ab) Importer(815301076,1909f56bfc062723c751e8b465ee728b)
Start importing Assets/Scenes/GameScene.unity using Guid(9fc0d4010bbf28b4594072e72b8655ab) Importer(815301076,1909f56bfc062723c751e8b465ee728b)  -> (artifact id: 'd342aa05557bbac38fb10d5ef17f4dcf') in 0.022562 seconds 
========================================================================
Received Prepare
Registering precompiled user dll's ...
Registered in 0.013744 seconds.
Begin MonoManager ReloadAssembly
Symbol file LoadedFromMemory doesn't match image C:\Users\oriol\Documents\3D-GAME-VJ\3D-DOT-GAME-HEROES-VJ\Library\PackageCache\com.unity.visualscripting@1.7.8\Editor\VisualScripting.Core\Dependencies\YamlDotNet\Unity.VisualScripting.YamlDotNet.dll
Symbol file LoadedFromMemory doesn't match image C:\Users\oriol\Documents\3D-GAME-VJ\3D-DOT-GAME-HEROES-VJ\Library\PackageCache\com.unity.visualscripting@1.7.8\Editor\VisualScripting.Core\Dependencies\DotNetZip\Unity.VisualScripting.IonicZip.dll
Native extension for WindowsStandalone target not found
Native extension for WebGL target not found
Refreshing native plugins compatible for Editor in 1.84 ms, found 3 plugins.
Preloading 0 native plugins for Editor in 0.00 ms.
Mono: successfully reloaded assembly
- Completed reload, in  2.191 seconds
Domain Reload Profiling:
	ReloadAssembly (2192ms)
		BeginReloadAssembly (227ms)
			ExecutionOrderSort (0ms)
			DisableScriptedObjects (10ms)
			BackupInstance (0ms)
			ReleaseScriptingObjects (0ms)
			CreateAndSetChildDomain (55ms)
		EndReloadAssembly (1780ms)
			LoadAssemblies (146ms)
			RebuildTransferFunctionScriptingTraits (0ms)
			SetupTypeCache (457ms)
			ReleaseScriptCaches (4ms)
			RebuildScriptCaches (172ms)
			SetupLoadedEditorAssemblies (843ms)
				LogAssemblyErrors (0ms)
				InitializePlatformSupportModulesInManaged (31ms)
				SetLoadedEditorAssemblies (1ms)
				RefreshPlugins (2ms)
				BeforeProcessingInitializeOnLoad (157ms)
				ProcessInitializeOnLoadAttributes (527ms)
				ProcessInitializeOnLoadMethodAttributes (91ms)
				AfterProcessingInitializeOnLoad (33ms)
				EditorAssembliesLoaded (1ms)
			ExecutionOrderSort2 (0ms)
			AwakeInstancesAfterBackupRestoration (30ms)
Platform modules already initialized, skipping
Refreshing native plugins compatible for Editor in 6.77 ms, found 3 plugins.
Preloading 0 native plugins for Editor in 0.00 ms.
Unloading 3892 Unused Serialized files (Serialized files now loaded: 0)
Unloading 24 unused Assets / (125.9 KB). Loaded Objects now: 4505.
Memory consumption went from 166.0 MB to 165.8 MB.
Total: 9.748200 ms (FindLiveObjects: 0.576600 ms CreateObjectMapping: 0.452200 ms MarkObjects: 8.401900 ms  DeleteObjects: 0.316200 ms)

AssetImportParameters requested are different than current active one (requested -> active):
  custom:video-decoder-ogg-theora: a1e56fd34408186e4bbccfd4996cb3dc -> 
  custom:container-muxer-webm: aa71ff27fc2769a1b78a27578f13a17b -> 
  custom:container-demuxer-webm: 4f35f7cbe854078d1ac9338744f61a02 -> 
  custom:video-encoder-webm-vp8: eb34c28f22e8b96e1ab97ce403110664 -> 
  custom:audio-encoder-webm-vorbis: bf7c407c2cedff20999df2af8eb42d56 -> 
  custom:framework-win-MediaFoundation: 216162199b28c13a410421893ffa2e32 -> 
  custom:container-demuxer-ogg: 62fdf1f143b41e24485cea50d1cbac27 -> 
  custom:video-decoder-webm-vp8: 9c59270c3fd7afecdb556c50c9e8de78 -> 
  custom:audio-decoder-ogg-vorbis: bf7c407c2cedff20999df2af8eb42d56 -> 
========================================================================
Received Import Request.
  Time since last request: 255.673870 seconds.
  path: Assets/Scenes/GameOver.unity
  artifactKey: Guid(fa484548e99570843ab87ed32585971d) Importer(815301076,1909f56bfc062723c751e8b465ee728b)
Start importing Assets/Scenes/GameOver.unity using Guid(fa484548e99570843ab87ed32585971d) Importer(815301076,1909f56bfc062723c751e8b465ee728b)  -> (artifact id: '95a857c4a7ae536f3ed982207a866ede') in 0.022281 seconds 
========================================================================
Received Import Request.
  Time since last request: 0.544963 seconds.
  path: Assets/Scenes/Dungeon.unity
  artifactKey: Guid(d754fa1efeb6c95449cddd68b601912e) Importer(815301076,1909f56bfc062723c751e8b465ee728b)
Start importing Assets/Scenes/Dungeon.unity using Guid(d754fa1efeb6c95449cddd68b601912e) Importer(815301076,1909f56bfc062723c751e8b465ee728b)  -> (artifact id: '3ba7a058e93fb8e4b0ee98bcb365f65d') in 0.013121 seconds 
========================================================================
Received Prepare
Registering precompiled user dll's ...
Registered in 0.015311 seconds.
Begin MonoManager ReloadAssembly
Symbol file LoadedFromMemory doesn't match image C:\Users\oriol\Documents\3D-GAME-VJ\3D-DOT-GAME-HEROES-VJ\Library\PackageCache\com.unity.visualscripting@1.7.8\Editor\VisualScripting.Core\Dependencies\YamlDotNet\Unity.VisualScripting.YamlDotNet.dll
Symbol file LoadedFromMemory doesn't match image C:\Users\oriol\Documents\3D-GAME-VJ\3D-DOT-GAME-HEROES-VJ\Library\PackageCache\com.unity.visualscripting@1.7.8\Editor\VisualScripting.Core\Dependencies\DotNetZip\Unity.VisualScripting.IonicZip.dll
Native extension for WindowsStandalone target not found
Native extension for WebGL target not found
Refreshing native plugins compatible for Editor in 1.28 ms, found 3 plugins.
Preloading 0 native plugins for Editor in 0.00 ms.
Mono: successfully reloaded assembly
- Completed reload, in  1.825 seconds
Domain Reload Profiling:
	ReloadAssembly (1826ms)
		BeginReloadAssembly (192ms)
			ExecutionOrderSort (0ms)
			DisableScriptedObjects (7ms)
			BackupInstance (0ms)
			ReleaseScriptingObjects (0ms)
			CreateAndSetChildDomain (51ms)
		EndReloadAssembly (1455ms)
			LoadAssemblies (142ms)
			RebuildTransferFunctionScriptingTraits (0ms)
			SetupTypeCache (392ms)
			ReleaseScriptCaches (2ms)
			RebuildScriptCaches (95ms)
			SetupLoadedEditorAssemblies (739ms)
				LogAssemblyErrors (0ms)
				InitializePlatformSupportModulesInManaged (23ms)
				SetLoadedEditorAssemblies (1ms)
				RefreshPlugins (1ms)
				BeforeProcessingInitializeOnLoad (141ms)
				ProcessInitializeOnLoadAttributes (492ms)
				ProcessInitializeOnLoadMethodAttributes (61ms)
				AfterProcessingInitializeOnLoad (19ms)
				EditorAssembliesLoaded (1ms)
			ExecutionOrderSort2 (0ms)
			AwakeInstancesAfterBackupRestoration (24ms)
Platform modules already initialized, skipping
Refreshing native plugins compatible for Editor in 4.08 ms, found 3 plugins.
Preloading 0 native plugins for Editor in 0.00 ms.
Unloading 3892 Unused Serialized files (Serialized files now loaded: 0)
Unloading 24 unused Assets / (125.9 KB). Loaded Objects now: 4521.
Memory consumption went from 166.0 MB to 165.9 MB.
Total: 6.346900 ms (FindLiveObjects: 0.515400 ms CreateObjectMapping: 0.328600 ms MarkObjects: 5.370200 ms  DeleteObjects: 0.131400 ms)

AssetImportParameters requested are different than current active one (requested -> active):
  custom:video-decoder-ogg-theora: a1e56fd34408186e4bbccfd4996cb3dc -> 
  custom:container-muxer-webm: aa71ff27fc2769a1b78a27578f13a17b -> 
  custom:container-demuxer-webm: 4f35f7cbe854078d1ac9338744f61a02 -> 
  custom:video-encoder-webm-vp8: eb34c28f22e8b96e1ab97ce403110664 -> 
  custom:audio-encoder-webm-vorbis: bf7c407c2cedff20999df2af8eb42d56 -> 
  custom:framework-win-MediaFoundation: 216162199b28c13a410421893ffa2e32 -> 
  custom:container-demuxer-ogg: 62fdf1f143b41e24485cea50d1cbac27 -> 
  custom:video-decoder-webm-vp8: 9c59270c3fd7afecdb556c50c9e8de78 -> 
  custom:audio-decoder-ogg-vorbis: bf7c407c2cedff20999df2af8eb42d56 -> 
========================================================================
Received Import Request.
  Time since last request: 237.962545 seconds.
  path: Assets/Scenes/GameScene
  artifactKey: Guid(b5a2a1475d2ce9f4ebf27526d3d9bab6) Importer(815301076,1909f56bfc062723c751e8b465ee728b)
Start importing Assets/Scenes/GameScene using Guid(b5a2a1475d2ce9f4ebf27526d3d9bab6) Importer(815301076,1909f56bfc062723c751e8b465ee728b)  -> (artifact id: 'f73f6ef0859310eab0b410603184e772') in 0.022409 seconds 
